#
# A fatal error has been detected by the Java Runtime Environment:
#
#  SIGSEGV (0xb) at pc=0x00000001023383a0, pid=86633, tid=20227
#
# JRE version: Java(TM) SE Runtime Environment (7.0_75-b13) (build 1.7.0_75-b13)
# Java VM: Java HotSpot(TM) 64-Bit Server VM (24.75-b04 mixed mode bsd-amd64 compressed oops)
# Problematic frame:
# V  [libjvm.dylib+0x3383a0]  jvmti_IsMethodSynthetic+0xb9
#
# Failed to write core dump. Core dumps have been disabled. To enable core dumping, try "ulimit -c unlimited" before starting Java again
#
# If you would like to submit a bug report, please visit:
#   http://bugreport.sun.com/bugreport/crash.jsp
#

---------------  T H R E A D  ---------------

Current thread (0x00007fec22812000):  JavaThread "JDWP Transport Listener: dt_socket" daemon [_thread_in_vm, id=20227, stack(0x0000000112216000,0x0000000112316000)]

siginfo:si_signo=SIGSEGV: si_errno=0, si_code=0 (SEGV0), si_addr=0x0000000000000000

Registers:
RAX=0x0000000000000001, RBX=0x0000000112315a8b, RCX=0x00000000000fc080, RDX=0x0000000112315a8b
RSP=0x00000001123159f0, RBP=0x0000000112315a40, RSI=0x00007fec22812000, RDI=0x00007fec205014d0
R8 =0x00007fec2040fc30, R9 =0x00007fec2041e8e0, R10=0x00000000f1619cdb, R11=0x000000006f26d77a
R12=0x00007fec22812000, R13=0x293b736772412f74, R14=0x293b736772412f74, R15=0x00007fec205014d0
RIP=0x00000001023383a0, EFLAGS=0x0000000000010206, ERR=0x0000000000000000
  TRAPNO=0x000000000000000d

Top of Stack: (sp=0x00000001123159f0)
0x00000001123159f0:   00007fec22812000 0000000000000000
0x0000000112315a00:   0000000000000000 0000000000000000
0x0000000112315a10:   00007fec22812000 00007fec22812000
0x0000000112315a20:   0000000112315a8b 0000000112315a90
0x0000000112315a30:   293b736772412f74 0000000000000012
0x0000000112315a40:   0000000112315a60 0000000102bc11a8
0x0000000112315a50:   0000000000000001 0000000112315b08
0x0000000112315a60:   0000000112315ad0 0000000102ba5fbb
0x0000000112315a70:   0000000112315aa0 00007fec2040fca0
0x0000000112315a80:   0000001300000032 0000000100315b08
0x0000000112315a90:   0000000000000000 0000000000000000
0x0000000112315aa0:   0000000000000000 0000000112315c90
0x0000000112315ab0:   0000000102bc8dc2 00007fec2040fc10
0x0000000112315ac0:   0000000112315b08 0000000102bd4588
0x0000000112315ad0:   0000000112315ae0 0000000102ba60b4
0x0000000112315ae0:   0000000112315d00 0000000102baf642
0x0000000112315af0:   00014cfa00000013 00000000000f0200
0x0000000112315b00:   00007fec204055d0 00007fec2090e0b7
0x0000000112315b10:   00007fec000003f9 00007fec20420950
0x0000000112315b20:   00007fec0000012c 0000000112315b58
0x0000000112315b30:   00007fec20420930 00007f0000000000
0x0000000112315b40:   00014cfa00000030 00007fff0000fe80
0x0000000112315b50:   0000000112315b58 ec7f000013000000
0x0000000112315b60:   0f000000700a5120 49746375646f7270
0x0000000112315b70:   00726f7461726574 63734c29281d0000
0x0000000112315b80:   6c6c6f632f616c61 492f6e6f69746365
0x0000000112315b90:   3b726f7461726574 734c292831000000
0x0000000112315ba0:   6c6f632f616c6163 2f6e6f697463656c
0x0000000112315bb0:   726f746172657449 6c2f6176616a4c3c
0x0000000112315bc0:   656a624f2f676e61 0000003b3e3b7463
0x0000000112315bd0:   ab1222ec7f000001 78656e0b000000c0
0x0000000112315be0:   3124737365754774 2944442805000000 

Instructions: (pc=0x00000001023383a0)
0x0000000102338380:   00 00 00 41 f6 87 68 01 00 00 10 75 07 b8 63 00
0x0000000102338390:   00 00 eb 7a 4d 85 f6 75 07 b8 17 00 00 00 eb 6e
0x00000001023383a0:   4d 8b 36 48 b8 fe fe fe fe fe fe fe fe 49 39 c6
0x00000001023383b0:   74 e7 4d 85 f6 74 e2 48 8d 05 e2 5e 4d 00 80 38 

Register to memory mapping:

RAX=0x0000000000000001 is an unknown value
RBX=0x0000000112315a8b is pointing into the stack for thread: 0x00007fec22812000
RCX=0x00000000000fc080 is an unknown value
RDX=0x0000000112315a8b is pointing into the stack for thread: 0x00007fec22812000
RSP=0x00000001123159f0 is pointing into the stack for thread: 0x00007fec22812000
RBP=0x0000000112315a40 is pointing into the stack for thread: 0x00007fec22812000
RSI=0x00007fec22812000 is a thread
RDI=0x00007fec205014d0 is an unknown value
R8 =0x00007fec2040fc30 is an unknown value
R9 =0x00007fec2041e8e0 is an unknown value
R10=0x00000000f1619cdb is an unknown value
R11=0x000000006f26d77a is an unknown value
R12=0x00007fec22812000 is a thread
R13=0x293b736772412f74 is an unknown value
R14=0x293b736772412f74 is an unknown value
R15=0x00007fec205014d0 is an unknown value


Stack: [0x0000000112216000,0x0000000112316000],  sp=0x00000001123159f0,  free space=1022k
Native frames: (J=compiled Java code, j=interpreted, Vv=VM code, C=native code)
V  [libjvm.dylib+0x3383a0]  jvmti_IsMethodSynthetic+0xb9
C  [libjdwp.dylib+0x201a8]  isMethodSynthetic+0x63
C  [libjdwp.dylib+0x4fbb]  methods1+0x10b
C  [libjdwp.dylib+0x50b4]  methodsWithGeneric+0xe
C  [libjdwp.dylib+0xe642]  debugLoop_run+0x1ce
C  [libjdwp.dylib+0x1f0e2]  attachThread+0x4d
V  [libjvm.dylib+0x378fc2]  JvmtiAgentThread::call_start_function()+0x38
V  [libjvm.dylib+0x4f6cb9]  JavaThread::thread_main_inner()+0x9b
V  [libjvm.dylib+0x4f83c1]  JavaThread::run()+0x1a3
V  [libjvm.dylib+0x421762]  java_start(Thread*)+0x126
C  [libsystem_pthread.dylib+0x1899]  _pthread_body+0x8a
C  [libsystem_pthread.dylib+0x172a]  _pthread_struct_init+0x0
C  [libsystem_pthread.dylib+0x5fc9]  thread_start+0xd


---------------  P R O C E S S  ---------------

Java Threads: ( => current thread )
  0x00007fec210be800 JavaThread "ScalaTest-dispatcher" [_thread_blocked, id=23811, stack(0x000000011316d000,0x000000011326d000)]
  0x00007fec22813000 JavaThread "Service Thread" daemon [_thread_blocked, id=22787, stack(0x0000000112725000,0x0000000112825000)]
  0x00007fec24801000 JavaThread "C2 CompilerThread1" daemon [_thread_blocked, id=22275, stack(0x0000000112622000,0x0000000112722000)]
  0x00007fec21028800 JavaThread "C2 CompilerThread0" daemon [_thread_blocked, id=21763, stack(0x000000011251f000,0x000000011261f000)]
  0x00007fec20815000 JavaThread "JDWP Command Reader" daemon [_thread_in_native, id=21251, stack(0x000000011241c000,0x000000011251c000)]
  0x00007fec22811000 JavaThread "JDWP Event Helper Thread" daemon [_thread_blocked, id=20739, stack(0x0000000112319000,0x0000000112419000)]
=>0x00007fec22812000 JavaThread "JDWP Transport Listener: dt_socket" daemon [_thread_in_vm, id=20227, stack(0x0000000112216000,0x0000000112316000)]
  0x00007fec23004000 JavaThread "Signal Dispatcher" daemon [_thread_blocked, id=19715, stack(0x000000011210d000,0x000000011220d000)]
  0x00007fec21016000 JavaThread "Finalizer" daemon [_thread_blocked, id=14595, stack(0x0000000111ebd000,0x0000000111fbd000)]
  0x00007fec23002000 JavaThread "Reference Handler" daemon [_thread_blocked, id=14083, stack(0x0000000111dba000,0x0000000111eba000)]
  0x00007fec21009000 JavaThread "ScalaTest-run-running-CrytpoSquareTest" [_thread_blocked, id=6403, stack(0x0000000102a62000,0x0000000102b62000)]

Other Threads:
  0x00007fec2183d800 VMThread [stack: 0x0000000111cb7000,0x0000000111db7000] [id=13571]
  0x00007fec2281b800 WatcherThread [stack: 0x0000000112828000,0x0000000112928000] [id=23299]

VM state:not at safepoint (normal execution)

VM Mutex/Monitor currently owned by a thread: None

Heap
 PSYoungGen      total 76800K, used 51813K [0x00000007aaa80000, 0x00000007b0000000, 0x0000000800000000)
  eden space 66048K, 78% used [0x00000007aaa80000,0x00000007add196a0,0x00000007aeb00000)
  from space 10752K, 0% used [0x00000007af580000,0x00000007af580000,0x00000007b0000000)
  to   space 10752K, 0% used [0x00000007aeb00000,0x00000007aeb00000,0x00000007af580000)
 ParOldGen       total 174592K, used 0K [0x0000000700000000, 0x000000070aa80000, 0x00000007aaa80000)
  object space 174592K, 0% used [0x0000000700000000,0x0000000700000000,0x000000070aa80000)
 PSPermGen       total 21504K, used 12336K [0x00000006fae00000, 0x00000006fc300000, 0x0000000700000000)
  object space 21504K, 57% used [0x00000006fae00000,0x00000006fba0c378,0x00000006fc300000)

Card table byte_map: [0x0000000105cb3000,0x00000001064dd000] byte_map_base: 0x00000001024dc000

Polling page: 0x0000000100ffc000

Code Cache  [0x0000000102bf3000, 0x0000000102e63000, 0x0000000105bf3000)
 total_blobs=342 nmethods=71 adapters=233 free_code_cache=48447Kb largest_free_block=49586048

Compilation events (10 events):
Event: 0.736 Thread 0x00007fec21028800 nmethod 65 0x0000000102c939d0 code [0x0000000102c93c40, 0x0000000102c94390]
Event: 0.736 Thread 0x00007fec21028800   67             java.util.zip.ZStreamRef::address (5 bytes)
Event: 0.736 Thread 0x00007fec21028800 nmethod 67 0x0000000102c75b50 code [0x0000000102c75c80, 0x0000000102c75cd8]
Event: 0.736 Thread 0x00007fec21028800   68             java.lang.String::indexOf (25 bytes)
Event: 0.737 Thread 0x00007fec21028800 nmethod 68 0x0000000102c91d10 code [0x0000000102c91e60, 0x0000000102c91fe8]
Event: 0.750 Thread 0x00007fec24801000 nmethod 66 0x0000000102ca6d10 code [0x0000000102ca6f00, 0x0000000102ca8500]
Event: 0.760 Thread 0x00007fec21028800   69             java.lang.String::lastIndexOf (13 bytes)
Event: 0.762 Thread 0x00007fec21028800 nmethod 69 0x0000000102c91690 code [0x0000000102c917e0, 0x0000000102c919a8]
Event: 0.793 Thread 0x00007fec24801000   71             java.lang.AbstractStringBuilder::<init> (12 bytes)
Event: 0.794 Thread 0x00007fec24801000 nmethod 71 0x0000000102c92150 code [0x0000000102c922a0, 0x0000000102c923d8]

GC Heap History (0 events):
No events

Deoptimization events (8 events):
Event: 0.566 Thread 0x00007fec21009000 Uncommon trap: reason=bimorphic action=maybe_recompile pc=0x0000000102c6f0f8 method=java.util.HashMap.getEntry(Ljava/lang/Object;)Ljava/util/HashMap$Entry; @ 68
Event: 0.566 Thread 0x00007fec21009000 Uncommon trap: reason=bimorphic action=maybe_recompile pc=0x0000000102c6f0f8 method=java.util.HashMap.getEntry(Ljava/lang/Object;)Ljava/util/HashMap$Entry; @ 68
Event: 0.566 Thread 0x00007fec21009000 Uncommon trap: reason=bimorphic action=maybe_recompile pc=0x0000000102c6f0f8 method=java.util.HashMap.getEntry(Ljava/lang/Object;)Ljava/util/HashMap$Entry; @ 68
Event: 0.566 Thread 0x00007fec21009000 Uncommon trap: reason=bimorphic action=maybe_recompile pc=0x0000000102c6f0f8 method=java.util.HashMap.getEntry(Ljava/lang/Object;)Ljava/util/HashMap$Entry; @ 68
Event: 0.580 Thread 0x00007fec21009000 Uncommon trap: reason=unloaded action=reinterpret pc=0x0000000102c79208 method=sun.misc.URLClassPath$FileLoader.getResource(Ljava/lang/String;Z)Lsun/misc/Resource; @ 142
Event: 0.678 Thread 0x00007fec21009000 Uncommon trap: reason=unreached action=reinterpret pc=0x0000000102c82cbc method=java.util.zip.ZipCoder.encoder()Ljava/nio/charset/CharsetEncoder; @ 4
Event: 0.679 Thread 0x00007fec21009000 Uncommon trap: reason=unreached action=reinterpret pc=0x0000000102c87064 method=java.net.URL.<init>(Ljava/net/URL;Ljava/lang/String;Ljava/net/URLStreamHandler;)V @ 228
Event: 0.679 Thread 0x00007fec21009000 Uncommon trap: reason=unreached action=reinterpret pc=0x0000000102c73c9c method=java.util.zip.ZipCoder.encoder()Ljava/nio/charset/CharsetEncoder; @ 4

Internal exceptions (10 events):
Event: 0.880 Thread 0x00007fec210be800 Threw 0x00000007ad9bc490 at /HUDSON/workspace/7u-2-build-macosx-x86_64/jdk7u75/1940/hotspot/src/share/vm/prims/jvm.cpp:1281
Event: 0.880 Thread 0x00007fec210be800 Threw 0x00000007ad9c7b50 at /HUDSON/workspace/7u-2-build-macosx-x86_64/jdk7u75/1940/hotspot/src/share/vm/prims/jvm.cpp:1281
Event: 0.880 Thread 0x00007fec21009000 Threw 0x00000007adc66b48 at /HUDSON/workspace/7u-2-build-macosx-x86_64/jdk7u75/1940/hotspot/src/share/vm/prims/jvm.cpp:1281
Event: 1505.462 Thread 0x00007fec210be800 Threw 0x00000007ad9db6f8 at /HUDSON/workspace/7u-2-build-macosx-x86_64/jdk7u75/1940/hotspot/src/share/vm/prims/jvm.cpp:1281
Event: 1505.463 Thread 0x00007fec210be800 Threw 0x00000007ad9e2c38 at /HUDSON/workspace/7u-2-build-macosx-x86_64/jdk7u75/1940/hotspot/src/share/vm/prims/jvm.cpp:1281
Event: 1505.463 Thread 0x00007fec210be800 Threw 0x00000007ad9ea248 at /HUDSON/workspace/7u-2-build-macosx-x86_64/jdk7u75/1940/hotspot/src/share/vm/prims/jvm.cpp:1281
Event: 1505.464 Thread 0x00007fec210be800 Threw 0x00000007ada19648 at /HUDSON/workspace/7u-2-build-macosx-x86_64/jdk7u75/1940/hotspot/src/share/vm/prims/jvm.cpp:1281
Event: 1505.465 Thread 0x00007fec210be800 Threw 0x00000007ada21090 at /HUDSON/workspace/7u-2-build-macosx-x86_64/jdk7u75/1940/hotspot/src/share/vm/prims/jvm.cpp:1281
Event: 1505.465 Thread 0x00007fec210be800 Threw 0x00000007ada28830 at /HUDSON/workspace/7u-2-build-macosx-x86_64/jdk7u75/1940/hotspot/src/share/vm/prims/jvm.cpp:1281
Event: 1505.466 Thread 0x00007fec210be800 Threw 0x00000007ada304e8 at /HUDSON/workspace/7u-2-build-macosx-x86_64/jdk7u75/1940/hotspot/src/share/vm/prims/jvm.cpp:1281

Events (10 events):
Event: 1555.368 Executing VM operation: GetOrSetLocal
Event: 1555.368 Executing VM operation: GetOrSetLocal done
Event: 1569.049 Executing VM operation: ChangeBreakpoints
Event: 1569.049 Executing VM operation: ChangeBreakpoints done
Event: 1701.142 Executing VM operation: RedefineClasses
Event: 1701.145 Executing VM operation: RedefineClasses done
Event: 1701.145 Executing VM operation: GetOrSetLocal
Event: 1701.146 Executing VM operation: GetOrSetLocal done
Event: 1701.150 Executing VM operation: GetOrSetLocal
Event: 1701.150 Executing VM operation: GetOrSetLocal done


Dynamic libraries:
0x000000000d642000 	/System/Library/Frameworks/Cocoa.framework/Versions/A/Cocoa
0x000000000d642000 	/System/Library/Frameworks/Security.framework/Versions/A/Security
0x000000000d642000 	/System/Library/Frameworks/ApplicationServices.framework/Versions/A/ApplicationServices
0x000000000d642000 	/usr/lib/libz.1.dylib
0x000000000d642000 	/usr/lib/libSystem.B.dylib
0x000000000d642000 	/usr/lib/libobjc.A.dylib
0x000000000d642000 	/System/Library/Frameworks/CoreFoundation.framework/Versions/A/CoreFoundation
0x000000000d642000 	/System/Library/Frameworks/Foundation.framework/Versions/C/Foundation
0x000000000d642000 	/System/Library/Frameworks/AppKit.framework/Versions/C/AppKit
0x000000000d642000 	/System/Library/Frameworks/CoreData.framework/Versions/A/CoreData
0x000000000d642000 	/System/Library/PrivateFrameworks/RemoteViewServices.framework/Versions/A/RemoteViewServices
0x000000000d642000 	/System/Library/Frameworks/AudioToolbox.framework/Versions/A/AudioToolbox
0x000000000d642000 	/System/Library/Frameworks/AudioUnit.framework/Versions/A/AudioUnit
0x000000000d642000 	/System/Library/PrivateFrameworks/DataDetectorsCore.framework/Versions/A/DataDetectorsCore
0x000000000d642000 	/System/Library/PrivateFrameworks/DesktopServicesPriv.framework/Versions/A/DesktopServicesPriv
0x000000000d642000 	/System/Library/Frameworks/Carbon.framework/Versions/A/Frameworks/HIToolbox.framework/Versions/A/HIToolbox
0x000000000d642000 	/System/Library/Frameworks/QuartzCore.framework/Versions/A/QuartzCore
0x000000000d642000 	/System/Library/Frameworks/Carbon.framework/Versions/A/Frameworks/SpeechRecognition.framework/Versions/A/SpeechRecognition
0x000000000d642000 	/usr/lib/libauto.dylib
0x000000000d642000 	/usr/lib/libicucore.A.dylib
0x000000000d642000 	/usr/lib/libxml2.2.dylib
0x000000000d642000 	/System/Library/PrivateFrameworks/CoreUI.framework/Versions/A/CoreUI
0x000000000d642000 	/System/Library/Frameworks/CoreAudio.framework/Versions/A/CoreAudio
0x000000000d642000 	/System/Library/Frameworks/DiskArbitration.framework/Versions/A/DiskArbitration
0x000000000d642000 	/usr/lib/liblangid.dylib
0x000000000d642000 	/System/Library/PrivateFrameworks/MultitouchSupport.framework/Versions/A/MultitouchSupport
0x000000000d642000 	/System/Library/Frameworks/IOKit.framework/Versions/A/IOKit
0x000000000d642000 	/usr/lib/libDiagnosticMessagesClient.dylib
0x000000000d642000 	/System/Library/Frameworks/CoreServices.framework/Versions/A/CoreServices
0x000000000d642000 	/System/Library/PrivateFrameworks/PerformanceAnalysis.framework/Versions/A/PerformanceAnalysis
0x000000000d642000 	/System/Library/PrivateFrameworks/GenerationalStorage.framework/Versions/A/GenerationalStorage
0x000000000d642000 	/System/Library/Frameworks/OpenGL.framework/Versions/A/OpenGL
0x000000000d642000 	/System/Library/PrivateFrameworks/Sharing.framework/Versions/A/Sharing
0x000000000d642000 	/System/Library/Frameworks/ImageIO.framework/Versions/A/ImageIO
0x000000000d642000 	/System/Library/Frameworks/CoreText.framework/Versions/A/CoreText
0x000000000d642000 	/System/Library/Frameworks/CoreGraphics.framework/Versions/A/CoreGraphics
0x000000000d642000 	/System/Library/PrivateFrameworks/Backup.framework/Versions/A/Backup
0x000000000d642000 	/System/Library/Frameworks/CFNetwork.framework/Versions/A/CFNetwork
0x000000000d642000 	/System/Library/Frameworks/SystemConfiguration.framework/Versions/A/SystemConfiguration
0x000000000d642000 	/usr/lib/libCRFSuite.dylib
0x000000000d642000 	/usr/lib/libc++.1.dylib
0x000000000d642000 	/usr/lib/libc++abi.dylib
0x000000000d642000 	/usr/lib/system/libcache.dylib
0x000000000d642000 	/usr/lib/system/libcommonCrypto.dylib
0x000000000d642000 	/usr/lib/system/libcompiler_rt.dylib
0x000000000d642000 	/usr/lib/system/libcopyfile.dylib
0x000000000d642000 	/usr/lib/system/libcorecrypto.dylib
0x000000000d642000 	/usr/lib/system/libdispatch.dylib
0x000000000d642000 	/usr/lib/system/libdyld.dylib
0x000000000d642000 	/usr/lib/system/libkeymgr.dylib
0x000000000d642000 	/usr/lib/system/liblaunch.dylib
0x000000000d642000 	/usr/lib/system/libmacho.dylib
0x000000000d642000 	/usr/lib/system/libquarantine.dylib
0x000000000d642000 	/usr/lib/system/libremovefile.dylib
0x000000000d642000 	/usr/lib/system/libsystem_asl.dylib
0x000000000d642000 	/usr/lib/system/libsystem_blocks.dylib
0x000000000d642000 	/usr/lib/system/libsystem_c.dylib
0x000000000d642000 	/usr/lib/system/libsystem_configuration.dylib
0x000000000d642000 	/usr/lib/system/libsystem_dnssd.dylib
0x000000000d642000 	/usr/lib/system/libsystem_info.dylib
0x000000000d642000 	/usr/lib/system/libsystem_kernel.dylib
0x000000000d642000 	/usr/lib/system/libsystem_m.dylib
0x000000000d642000 	/usr/lib/system/libsystem_malloc.dylib
0x000000000d642000 	/usr/lib/system/libsystem_network.dylib
0x000000000d642000 	/usr/lib/system/libsystem_notify.dylib
0x000000000d642000 	/usr/lib/system/libsystem_platform.dylib
0x000000000d642000 	/usr/lib/system/libsystem_pthread.dylib
0x000000000d642000 	/usr/lib/system/libsystem_sandbox.dylib
0x000000000d642000 	/usr/lib/system/libsystem_stats.dylib
0x000000000d642000 	/usr/lib/system/libunc.dylib
0x000000000d642000 	/usr/lib/system/libunwind.dylib
0x000000000d642000 	/usr/lib/system/libxpc.dylib
0x000000000d642000 	/usr/lib/libbsm.0.dylib
0x000000000d642000 	/usr/lib/libsqlite3.dylib
0x000000000d642000 	/usr/lib/libxar.1.dylib
0x000000000d642000 	/usr/lib/libpam.2.dylib
0x000000000d642000 	/usr/lib/libOpenScriptingUtil.dylib
0x000000000d642000 	/usr/lib/libbz2.1.0.dylib
0x000000000d642000 	/System/Library/Frameworks/CoreServices.framework/Versions/A/Frameworks/CarbonCore.framework/Versions/A/CarbonCore
0x000000000d642000 	/System/Library/Frameworks/CoreServices.framework/Versions/A/Frameworks/Metadata.framework/Versions/A/Metadata
0x000000000d642000 	/System/Library/Frameworks/CoreServices.framework/Versions/A/Frameworks/OSServices.framework/Versions/A/OSServices
0x000000000d642000 	/System/Library/Frameworks/CoreServices.framework/Versions/A/Frameworks/SearchKit.framework/Versions/A/SearchKit
0x000000000d642000 	/System/Library/Frameworks/CoreServices.framework/Versions/A/Frameworks/AE.framework/Versions/A/AE
0x000000000d642000 	/System/Library/Frameworks/CoreServices.framework/Versions/A/Frameworks/LaunchServices.framework/Versions/A/LaunchServices
0x000000000d642000 	/System/Library/Frameworks/CoreServices.framework/Versions/A/Frameworks/DictionaryServices.framework/Versions/A/DictionaryServices
0x000000000d642000 	/System/Library/Frameworks/NetFS.framework/Versions/A/NetFS
0x000000000d642000 	/usr/lib/system/libkxld.dylib
0x000000000d642000 	/System/Library/PrivateFrameworks/NetAuth.framework/Versions/A/NetAuth
0x000000000d642000 	/System/Library/PrivateFrameworks/TCC.framework/Versions/A/TCC
0x000000000d642000 	/System/Library/Frameworks/OpenDirectory.framework/Versions/A/Frameworks/CFOpenDirectory.framework/Versions/A/CFOpenDirectory
0x000000000d642000 	/System/Library/Frameworks/ServiceManagement.framework/Versions/A/ServiceManagement
0x000000000d642000 	/usr/lib/libxslt.1.dylib
0x000000000d642000 	/System/Library/Frameworks/Carbon.framework/Versions/A/Frameworks/Ink.framework/Versions/A/Ink
0x000000000d642000 	/System/Library/Frameworks/ApplicationServices.framework/Versions/A/Frameworks/ATS.framework/Versions/A/ATS
0x000000000d642000 	/System/Library/Frameworks/ApplicationServices.framework/Versions/A/Frameworks/ColorSync.framework/Versions/A/ColorSync
0x000000000d642000 	/System/Library/Frameworks/ApplicationServices.framework/Versions/A/Frameworks/HIServices.framework/Versions/A/HIServices
0x000000000d642000 	/System/Library/Frameworks/ApplicationServices.framework/Versions/A/Frameworks/LangAnalysis.framework/Versions/A/LangAnalysis
0x000000000d642000 	/System/Library/Frameworks/ApplicationServices.framework/Versions/A/Frameworks/PrintCore.framework/Versions/A/PrintCore
0x000000000d642000 	/System/Library/Frameworks/ApplicationServices.framework/Versions/A/Frameworks/QD.framework/Versions/A/QD
0x000000000d642000 	/System/Library/Frameworks/ApplicationServices.framework/Versions/A/Frameworks/SpeechSynthesis.framework/Versions/A/SpeechSynthesis
0x000000000d642000 	/System/Library/Frameworks/IOSurface.framework/Versions/A/IOSurface
0x000000000d642000 	/System/Library/Frameworks/Accelerate.framework/Versions/A/Accelerate
0x000000000d642000 	/System/Library/Frameworks/Accelerate.framework/Versions/A/Frameworks/vImage.framework/Versions/A/vImage
0x000000000d642000 	/System/Library/Frameworks/Accelerate.framework/Versions/A/Frameworks/vecLib.framework/Versions/A/vecLib
0x000000000d642000 	/System/Library/Frameworks/Accelerate.framework/Versions/A/Frameworks/vecLib.framework/Versions/A/libvDSP.dylib
0x000000000d642000 	/System/Library/Frameworks/Accelerate.framework/Versions/A/Frameworks/vecLib.framework/Versions/A/libvMisc.dylib
0x000000000d642000 	/System/Library/Frameworks/Accelerate.framework/Versions/A/Frameworks/vecLib.framework/Versions/A/libLAPACK.dylib
0x000000000d642000 	/System/Library/Frameworks/Accelerate.framework/Versions/A/Frameworks/vecLib.framework/Versions/A/libBLAS.dylib
0x000000000d642000 	/System/Library/Frameworks/ApplicationServices.framework/Versions/A/Frameworks/ATS.framework/Versions/A/Resources/libFontParser.dylib
0x000000000d642000 	/System/Library/Frameworks/ApplicationServices.framework/Versions/A/Frameworks/ATS.framework/Versions/A/Resources/libFontRegistry.dylib
0x000000000d642000 	/System/Library/Frameworks/ImageIO.framework/Versions/A/Resources/libJPEG.dylib
0x000000000d642000 	/System/Library/Frameworks/ImageIO.framework/Versions/A/Resources/libTIFF.dylib
0x000000000d642000 	/System/Library/Frameworks/ImageIO.framework/Versions/A/Resources/libPng.dylib
0x000000000d642000 	/System/Library/Frameworks/ImageIO.framework/Versions/A/Resources/libGIF.dylib
0x000000000d642000 	/System/Library/Frameworks/ImageIO.framework/Versions/A/Resources/libJP2.dylib
0x000000000d642000 	/System/Library/Frameworks/ImageIO.framework/Versions/A/Resources/libRadiance.dylib
0x000000000d642000 	/usr/lib/libcups.2.dylib
0x000000000d642000 	/System/Library/Frameworks/Kerberos.framework/Versions/A/Kerberos
0x000000000d642000 	/System/Library/Frameworks/GSS.framework/Versions/A/GSS
0x000000000d642000 	/usr/lib/libresolv.9.dylib
0x000000000d642000 	/usr/lib/libiconv.2.dylib
0x000000000d642000 	/System/Library/PrivateFrameworks/Heimdal.framework/Versions/A/Heimdal
0x000000000d642000 	/System/Library/PrivateFrameworks/TrustEvaluationAgent.framework/Versions/A/TrustEvaluationAgent
0x000000000d642000 	/usr/lib/libheimdal-asn1.dylib
0x000000000d642000 	/System/Library/Frameworks/OpenDirectory.framework/Versions/A/OpenDirectory
0x000000000d642000 	/System/Library/PrivateFrameworks/CommonAuth.framework/Versions/A/CommonAuth
0x000000000d642000 	/System/Library/Frameworks/SecurityFoundation.framework/Versions/A/SecurityFoundation
0x000000000d642000 	/System/Library/PrivateFrameworks/Bom.framework/Versions/A/Bom
0x000000000d642000 	/System/Library/Frameworks/CoreVideo.framework/Versions/A/CoreVideo
0x000000000d642000 	/System/Library/Frameworks/QuartzCore.framework/Versions/A/Frameworks/CoreImage.framework/Versions/A/CoreImage
0x000000000d642000 	/System/Library/Frameworks/QuartzCore.framework/Versions/A/Frameworks/ScalableUserInterface.framework/Versions/A/ScalableUserInterface
0x000000000d642000 	/System/Library/Frameworks/OpenGL.framework/Versions/A/Libraries/libGLU.dylib
0x000000000d642000 	/System/Library/Frameworks/OpenGL.framework/Versions/A/Libraries/libGFXShared.dylib
0x000000000d642000 	/System/Library/Frameworks/OpenGL.framework/Versions/A/Libraries/libGL.dylib
0x000000000d642000 	/System/Library/Frameworks/OpenGL.framework/Versions/A/Libraries/libGLImage.dylib
0x000000000d642000 	/System/Library/Frameworks/OpenGL.framework/Versions/A/Libraries/libCVMSPluginSupport.dylib
0x000000000d642000 	/System/Library/Frameworks/OpenGL.framework/Versions/A/Libraries/libCoreVMClient.dylib
0x000000000d642000 	/System/Library/PrivateFrameworks/FaceCore.framework/Versions/A/FaceCore
0x000000000d642000 	/System/Library/PrivateFrameworks/CrashReporterSupport.framework/Versions/A/CrashReporterSupport
0x000000000d642000 	/System/Library/Frameworks/OpenCL.framework/Versions/A/OpenCL
0x000000000d642000 	/System/Library/PrivateFrameworks/AppleFSCompression.framework/Versions/A/AppleFSCompression
0x000000000d642000 	/System/Library/PrivateFrameworks/Ubiquity.framework/Versions/A/Ubiquity
0x000000000d642000 	/System/Library/PrivateFrameworks/IconServices.framework/Versions/A/IconServices
0x000000000d642000 	/System/Library/PrivateFrameworks/ChunkingLibrary.framework/Versions/A/ChunkingLibrary
0x000000000d642000 	/System/Library/PrivateFrameworks/CoreSymbolication.framework/Versions/A/CoreSymbolication
0x000000000d642000 	/System/Library/PrivateFrameworks/Symbolication.framework/Versions/A/Symbolication
0x000000000d642000 	/System/Library/PrivateFrameworks/DebugSymbols.framework/Versions/A/DebugSymbols
0x0000000102000000 	/Library/Java/JavaVirtualMachines/jdk1.7.0_75.jdk/Contents/Home/jre/lib/server/libjvm.dylib
0x000000000d642000 	/usr/lib/libstdc++.6.dylib
0x0000000102b64000 	/Library/Java/JavaVirtualMachines/jdk1.7.0_75.jdk/Contents/Home/jre/lib/libverify.dylib
0x0000000102b71000 	/Library/Java/JavaVirtualMachines/jdk1.7.0_75.jdk/Contents/Home/jre/lib/libjava.dylib
0x0000000102ba1000 	/Library/Java/JavaVirtualMachines/jdk1.7.0_75.jdk/Contents/Home/jre/lib/libjdwp.dylib
0x0000000102bde000 	/Library/Java/JavaVirtualMachines/jdk1.7.0_75.jdk/Contents/Home/jre/lib/libnpt.dylib
0x0000000102bea000 	/Library/Java/JavaVirtualMachines/jdk1.7.0_75.jdk/Contents/Home/jre/lib/libzip.dylib
0x0000000111fbf000 	/System/Library/Frameworks/JavaVM.framework/Frameworks/JavaRuntimeSupport.framework/JavaRuntimeSupport
0x0000000111fd7000 	/System/Library/Frameworks/JavaVM.framework/Versions/A/Frameworks/JavaNativeFoundation.framework/Versions/A/JavaNativeFoundation
0x0000000111fec000 	/System/Library/Frameworks/JavaVM.framework/Versions/A/JavaVM
0x000000000d642000 	/System/Library/Frameworks/Carbon.framework/Versions/A/Carbon
0x0000000111ff9000 	/System/Library/PrivateFrameworks/JavaLaunching.framework/Versions/A/JavaLaunching
0x000000000d642000 	/System/Library/Frameworks/Carbon.framework/Versions/A/Frameworks/CommonPanels.framework/Versions/A/CommonPanels
0x000000000d642000 	/System/Library/Frameworks/Carbon.framework/Versions/A/Frameworks/Help.framework/Versions/A/Help
0x000000000d642000 	/System/Library/Frameworks/Carbon.framework/Versions/A/Frameworks/ImageCapture.framework/Versions/A/ImageCapture
0x000000000d642000 	/System/Library/Frameworks/Carbon.framework/Versions/A/Frameworks/OpenScripting.framework/Versions/A/OpenScripting
0x000000000d642000 	/System/Library/Frameworks/Carbon.framework/Versions/A/Frameworks/Print.framework/Versions/A/Print
0x000000000d642000 	/System/Library/Frameworks/Carbon.framework/Versions/A/Frameworks/SecurityHI.framework/Versions/A/SecurityHI
0x000000011220f000 	/Library/Java/JavaVirtualMachines/jdk1.7.0_75.jdk/Contents/Home/jre/lib/libdt_socket.dylib
0x0000000112d24000 	/Library/Java/JavaVirtualMachines/jdk1.7.0_75.jdk/Contents/Home/jre/lib/libnio.dylib
0x0000000112d33000 	/Library/Java/JavaVirtualMachines/jdk1.7.0_75.jdk/Contents/Home/jre/lib/./libnet.dylib

VM Arguments:
jvm_args: -agentlib:jdwp=transport=dt_socket,address=127.0.0.1:55669,suspend=y,server=n -Dfile.encoding=UTF-8 
java_command: org.jetbrains.plugins.scala.testingSupport.scalaTest.ScalaTestRunner -s CrytpoSquareTest -showProgressMessages true -C org.jetbrains.plugins.scala.testingSupport.scalaTest.ScalaTestReporter
Launcher Type: SUN_STANDARD

Environment Variables:
PATH=/usr/bin:/bin:/usr/sbin:/sbin:/usr/local/bin
SHELL=/bin/bash

Signal Handlers:
SIGSEGV: [libjvm.dylib+0x52d20d], sa_mask[0]=0xfffefeff, sa_flags=0x00000043
SIGBUS: [libjvm.dylib+0x52d20d], sa_mask[0]=0xfffefeff, sa_flags=0x00000042
SIGFPE: [libjvm.dylib+0x41ee7a], sa_mask[0]=0xfffefeff, sa_flags=0x00000042
SIGPIPE: [libjvm.dylib+0x41ee7a], sa_mask[0]=0xfffefeff, sa_flags=0x00000042
SIGXFSZ: [libjvm.dylib+0x41ee7a], sa_mask[0]=0xfffefeff, sa_flags=0x00000042
SIGILL: [libjvm.dylib+0x41ee7a], sa_mask[0]=0xfffefeff, sa_flags=0x00000042
SIGUSR1: SIG_DFL, sa_mask[0]=0x00000000, sa_flags=0x00000002
SIGUSR2: [libjvm.dylib+0x41e96c], sa_mask[0]=0x00000004, sa_flags=0x00000042
SIGHUP: [libjvm.dylib+0x41cbfd], sa_mask[0]=0xfffefeff, sa_flags=0x00000042
SIGINT: [libjvm.dylib+0x41cbfd], sa_mask[0]=0xfffefeff, sa_flags=0x00000042
SIGTERM: [libjvm.dylib+0x41cbfd], sa_mask[0]=0xfffefeff, sa_flags=0x00000042
SIGQUIT: [libjvm.dylib+0x41cbfd], sa_mask[0]=0xfffefeff, sa_flags=0x00000042


---------------  S Y S T E M  ---------------

OS:Bsduname:Darwin 13.4.0 Darwin Kernel Version 13.4.0: Sun Aug 17 19:50:11 PDT 2014; root:xnu-2422.115.4~1/RELEASE_X86_64 x86_64
rlimit: STACK 8192k, CORE 0k, NPROC 709, NOFILE 10240, AS infinity
load average:3.96 3.07 2.75

CPU:total 8 (4 cores per cpu, 2 threads per core) family 6 model 70 stepping 1, cmov, cx8, fxsr, mmx, sse, sse2, sse3, ssse3, sse4.1, sse4.2, popcnt, avx, avx2, aes, erms, ht, tsc, tscinvbit

Memory: 4k page, physical 16777216k(4194304k free)

/proc/meminfo:


vm_info: Java HotSpot(TM) 64-Bit Server VM (24.75-b04) for bsd-amd64 JRE (1.7.0_75-b13), built on Dec 18 2014 21:48:12 by "java_re" with gcc 4.2.1 (Based on Apple Inc. build 5658) (LLVM build 2336.11.00)

time: Sun Oct 25 01:19:59 2015
elapsed time: 1701 seconds

