#
# A fatal error has been detected by the Java Runtime Environment:
#
#  SIGSEGV (0xb) at pc=0x000000010b9383a0, pid=1033, tid=20227
#
# JRE version: Java(TM) SE Runtime Environment (7.0_75-b13) (build 1.7.0_75-b13)
# Java VM: Java HotSpot(TM) 64-Bit Server VM (24.75-b04 mixed mode bsd-amd64 compressed oops)
# Problematic frame:
# V  [libjvm.dylib+0x3383a0]  jvmti_IsMethodSynthetic+0xb9
#
# Failed to write core dump. Core dumps have been disabled. To enable core dumping, try "ulimit -c unlimited" before starting Java again
#
# If you would like to submit a bug report, please visit:
#   http://bugreport.sun.com/bugreport/crash.jsp
#

---------------  T H R E A D  ---------------

Current thread (0x00007fbc25015000):  JavaThread "JDWP Transport Listener: dt_socket" daemon [_thread_in_vm, id=20227, stack(0x000000011b6e3000,0x000000011b7e3000)]

siginfo:si_signo=SIGSEGV: si_errno=0, si_code=0 (SEGV0), si_addr=0x0000000000000000

Registers:
RAX=0x0000000000000001, RBX=0x000000011b7e2a8b, RCX=0x00000000000fc080, RDX=0x000000011b7e2a8b
RSP=0x000000011b7e29f0, RBP=0x000000011b7e2a40, RSI=0x00007fbc25015000, RDI=0x00007fbc23702660
R8 =0x00007fbc23592730, R9 =0x00007fbc235938a0, R10=0x00000000f2f6355b, R11=0x00000000026d2776
R12=0x00007fbc25015000, R13=0x2f676e616c2f6176, R14=0x2f676e616c2f6176, R15=0x00007fbc23702660
RIP=0x000000010b9383a0, EFLAGS=0x0000000000010202, ERR=0x0000000000000000
  TRAPNO=0x000000000000000d

Top of Stack: (sp=0x000000011b7e29f0)
0x000000011b7e29f0:   00007fbc25015000 0000000000000000
0x000000011b7e2a00:   0000000000000000 0000000000000000
0x000000011b7e2a10:   00007fbc25015000 00007fbc25015000
0x000000011b7e2a20:   000000011b7e2a8b 000000011b7e2a90
0x000000011b7e2a30:   2f676e616c2f6176 0000000000000013
0x000000011b7e2a40:   000000011b7e2a60 000000010c0b11a8
0x000000011b7e2a50:   0000000000000001 000000011b7e2b08
0x000000011b7e2a60:   000000011b7e2ad0 000000010c095fbb
0x000000011b7e2a70:   000000011b7e2aa0 00007fbc235937d0
0x000000011b7e2a80:   0000001500000032 00000001007e2b08
0x000000011b7e2a90:   0000000000000000 0000000000000000
0x000000011b7e2aa0:   0000000000000000 000000011b7e2c90
0x000000011b7e2ab0:   000000010c0b8dc2 00007fbc2350e060
0x000000011b7e2ac0:   000000011b7e2b08 000000010c0c4588
0x000000011b7e2ad0:   000000011b7e2ae0 000000010c0960b4
0x000000011b7e2ae0:   000000011b7e2d00 000000010c09f642
0x000000011b7e2af0:   0000b96400000013 00000000000f0200
0x000000011b7e2b00:   00007fbc23592960 00007fbc2513daf5
0x000000011b7e2b10:   00007fbc000003bb 00007fbc23593880
0x000000011b7e2b20:   00007fbc0000012c 000000011b7e2b58
0x000000011b7e2b30:   00007fbc235930e0 00007f0000000000
0x000000011b7e2b40:   0000b9640000000f 00007fff00000e80
0x000000011b7e2b50:   000000011b7e2b58 bc7f000015000000
0x000000011b7e2b60:   0e00000088918025 6e45646f6f477369
0x000000011b7e2b70:   000031246867756f 005a294444280500
0x000000011b7e2b80:   0012000000000000 0090918025bc7f00
0x000000011b7e2b90:   477478656e0b0000 0000312473736575
0x000000011b7e2ba0:   0044294444280500 0012000000000000
0x000000011b7e2bb0:   0070ae8425bc7f00 7865646e690f0000
0x000000011b7e2bc0:   73746e656d676553 4c28430000003124
0x000000011b7e2bd0:   6f632f616c616373 6e6f697463656c6c
0x000000011b7e2be0:   626174756d6d692f 3b7473694c2f656c 

Instructions: (pc=0x000000010b9383a0)
0x000000010b938380:   00 00 00 41 f6 87 68 01 00 00 10 75 07 b8 63 00
0x000000010b938390:   00 00 eb 7a 4d 85 f6 75 07 b8 17 00 00 00 eb 6e
0x000000010b9383a0:   4d 8b 36 48 b8 fe fe fe fe fe fe fe fe 49 39 c6
0x000000010b9383b0:   74 e7 4d 85 f6 74 e2 48 8d 05 e2 5e 4d 00 80 38 

Register to memory mapping:

RAX=0x0000000000000001 is an unknown value
RBX=0x000000011b7e2a8b is pointing into the stack for thread: 0x00007fbc25015000
RCX=0x00000000000fc080 is an unknown value
RDX=0x000000011b7e2a8b is pointing into the stack for thread: 0x00007fbc25015000
RSP=0x000000011b7e29f0 is pointing into the stack for thread: 0x00007fbc25015000
RBP=0x000000011b7e2a40 is pointing into the stack for thread: 0x00007fbc25015000
RSI=0x00007fbc25015000 is a thread
RDI=0x00007fbc23702660 is an unknown value
R8 =0x00007fbc23592730 is an unknown value
R9 =0x00007fbc235938a0 is an unknown value
R10=0x00000000f2f6355b is an unknown value
R11=0x00000000026d2776 is an unknown value
R12=0x00007fbc25015000 is a thread
R13=0x2f676e616c2f6176 is an unknown value
R14=0x2f676e616c2f6176 is an unknown value
R15=0x00007fbc23702660 is an unknown value


Stack: [0x000000011b6e3000,0x000000011b7e3000],  sp=0x000000011b7e29f0,  free space=1022k
Native frames: (J=compiled Java code, j=interpreted, Vv=VM code, C=native code)
V  [libjvm.dylib+0x3383a0]  jvmti_IsMethodSynthetic+0xb9
C  [libjdwp.dylib+0x201a8]  isMethodSynthetic+0x63
C  [libjdwp.dylib+0x4fbb]  methods1+0x10b
C  [libjdwp.dylib+0x50b4]  methodsWithGeneric+0xe
C  [libjdwp.dylib+0xe642]  debugLoop_run+0x1ce
C  [libjdwp.dylib+0x1f0e2]  attachThread+0x4d
V  [libjvm.dylib+0x378fc2]  JvmtiAgentThread::call_start_function()+0x38
V  [libjvm.dylib+0x4f6cb9]  JavaThread::thread_main_inner()+0x9b
V  [libjvm.dylib+0x4f83c1]  JavaThread::run()+0x1a3
V  [libjvm.dylib+0x421762]  java_start(Thread*)+0x126
C  [libsystem_pthread.dylib+0x1899]  _pthread_body+0x8a
C  [libsystem_pthread.dylib+0x172a]  _pthread_struct_init+0x0
C  [libsystem_pthread.dylib+0x5fc9]  thread_start+0xd


---------------  P R O C E S S  ---------------

Java Threads: ( => current thread )
  0x00007fbc261a3000 JavaThread "ScalaTest-dispatcher" [_thread_blocked, id=23811, stack(0x000000011c5ff000,0x000000011c6ff000)]
  0x00007fbc2501b800 JavaThread "Service Thread" daemon [_thread_blocked, id=22787, stack(0x000000011bbf2000,0x000000011bcf2000)]
  0x00007fbc2501a800 JavaThread "C2 CompilerThread1" daemon [_thread_blocked, id=22275, stack(0x000000011baef000,0x000000011bbef000)]
  0x00007fbc25014000 JavaThread "C2 CompilerThread0" daemon [_thread_blocked, id=21763, stack(0x000000011b9ec000,0x000000011baec000)]
  0x00007fbc2501a000 JavaThread "JDWP Command Reader" daemon [_thread_in_native, id=21251, stack(0x000000011b8e9000,0x000000011b9e9000)]
  0x00007fbc25016000 JavaThread "JDWP Event Helper Thread" daemon [_thread_blocked, id=20739, stack(0x000000011b7e6000,0x000000011b8e6000)]
=>0x00007fbc25015000 JavaThread "JDWP Transport Listener: dt_socket" daemon [_thread_in_vm, id=20227, stack(0x000000011b6e3000,0x000000011b7e3000)]
  0x00007fbc2484d800 JavaThread "Signal Dispatcher" daemon [_thread_blocked, id=19715, stack(0x000000011b5da000,0x000000011b6da000)]
  0x00007fbc2380d000 JavaThread "Finalizer" daemon [_thread_blocked, id=14595, stack(0x000000011b398000,0x000000011b498000)]
  0x00007fbc25005000 JavaThread "Reference Handler" daemon [_thread_blocked, id=14083, stack(0x000000011b295000,0x000000011b395000)]
  0x00007fbc24002800 JavaThread "ScalaTest-run-running-CrytpoSquareTest" [_thread_blocked, id=6403, stack(0x000000010a4c9000,0x000000010a5c9000)]

Other Threads:
  0x00007fbc24847000 VMThread [stack: 0x000000011b192000,0x000000011b292000] [id=13571]
  0x00007fbc25028800 WatcherThread [stack: 0x000000011bcf5000,0x000000011bdf5000] [id=23299]

VM state:not at safepoint (normal execution)

VM Mutex/Monitor currently owned by a thread: None

Heap
 PSYoungGen      total 76800K, used 54478K [0x00000007aaa80000, 0x00000007b0000000, 0x0000000800000000)
  eden space 66048K, 82% used [0x00000007aaa80000,0x00000007adfb3900,0x00000007aeb00000)
  from space 10752K, 0% used [0x00000007af580000,0x00000007af580000,0x00000007b0000000)
  to   space 10752K, 0% used [0x00000007aeb00000,0x00000007aeb00000,0x00000007af580000)
 ParOldGen       total 174592K, used 0K [0x0000000700000000, 0x000000070aa80000, 0x00000007aaa80000)
  object space 174592K, 0% used [0x0000000700000000,0x0000000700000000,0x000000070aa80000)
 PSPermGen       total 21504K, used 12927K [0x00000006fae00000, 0x00000006fc300000, 0x0000000700000000)
  object space 21504K, 60% used [0x00000006fae00000,0x00000006fba9fd80,0x00000006fc300000)

Card table byte_map: [0x000000010f18e000,0x000000010f9b8000] byte_map_base: 0x000000010b9b7000

Polling page: 0x000000010a5d8000

Code Cache  [0x000000010c0ce000, 0x000000010c33e000, 0x000000010f0ce000)
 total_blobs=345 nmethods=72 adapters=235 free_code_cache=48443Kb largest_free_block=49576000

Compilation events (10 events):
Event: 0.726 Thread 0x00007fbc25014000   69             java.lang.String::lastIndexOf (13 bytes)
Event: 0.728 Thread 0x00007fbc25014000 nmethod 69 0x000000010c175f90 code [0x000000010c1760e0, 0x000000010c1762a8]
Event: 0.757 Thread 0x00007fbc2501a800   71             java.lang.AbstractStringBuilder::<init> (12 bytes)
Event: 0.757 Thread 0x00007fbc2501a800 nmethod 71 0x000000010c175110 code [0x000000010c175260, 0x000000010c175398]
Event: 0.804 Thread 0x00007fbc25014000   72 % !         java.net.URL::<init> @ 147 (543 bytes)
Event: 0.808 Thread 0x00007fbc2501a800   73             java.lang.CharacterDataLatin1::toLowerCase (39 bytes)
Event: 0.809 Thread 0x00007fbc2501a800 nmethod 73 0x000000010c1764d0 code [0x000000010c176600, 0x000000010c1766d8]
Event: 0.844 Thread 0x00007fbc25014000 nmethod 72% 0x000000010c17e950 code [0x000000010c17ec80, 0x000000010c180680]
Event: 1.010 Thread 0x00007fbc2501a800   74   !         java.net.URL::<init> (543 bytes)
Event: 1.051 Thread 0x00007fbc2501a800 nmethod 74 0x000000010c182350 code [0x000000010c1826a0, 0x000000010c184460]

GC Heap History (0 events):
No events

Deoptimization events (9 events):
Event: 0.532 Thread 0x00007fbc24002800 Uncommon trap: reason=bimorphic action=maybe_recompile pc=0x000000010c1436f8 method=java.util.HashMap.getEntry(Ljava/lang/Object;)Ljava/util/HashMap$Entry; @ 68
Event: 0.532 Thread 0x00007fbc24002800 Uncommon trap: reason=bimorphic action=maybe_recompile pc=0x000000010c1436f8 method=java.util.HashMap.getEntry(Ljava/lang/Object;)Ljava/util/HashMap$Entry; @ 68
Event: 0.532 Thread 0x00007fbc24002800 Uncommon trap: reason=bimorphic action=maybe_recompile pc=0x000000010c1436f8 method=java.util.HashMap.getEntry(Ljava/lang/Object;)Ljava/util/HashMap$Entry; @ 68
Event: 0.532 Thread 0x00007fbc24002800 Uncommon trap: reason=bimorphic action=maybe_recompile pc=0x000000010c1436f8 method=java.util.HashMap.getEntry(Ljava/lang/Object;)Ljava/util/HashMap$Entry; @ 68
Event: 0.546 Thread 0x00007fbc24002800 Uncommon trap: reason=unloaded action=reinterpret pc=0x000000010c155008 method=sun.misc.URLClassPath$FileLoader.getResource(Ljava/lang/String;Z)Lsun/misc/Resource; @ 142
Event: 0.638 Thread 0x00007fbc24002800 Uncommon trap: reason=unreached action=reinterpret pc=0x000000010c152614 method=sun.misc.URLClassPath$JarLoader.ensureOpen()V @ 4
Event: 0.638 Thread 0x00007fbc24002800 Uncommon trap: reason=unreached action=reinterpret pc=0x000000010c14f6bc method=java.util.zip.ZipCoder.encoder()Ljava/nio/charset/CharsetEncoder; @ 4
Event: 0.639 Thread 0x00007fbc24002800 Uncommon trap: reason=unreached action=reinterpret pc=0x000000010c15f9e4 method=java.net.URL.<init>(Ljava/net/URL;Ljava/lang/String;Ljava/net/URLStreamHandler;)V @ 228
Event: 0.639 Thread 0x00007fbc24002800 Uncommon trap: reason=unreached action=reinterpret pc=0x000000010c162a9c method=java.util.zip.ZipCoder.encoder()Ljava/nio/charset/CharsetEncoder; @ 4

Internal exceptions (10 events):
Event: 0.806 Thread 0x00007fbc24002800 Threw 0x00000007adcf2da0 at /HUDSON/workspace/7u-2-build-macosx-x86_64/jdk7u75/1940/hotspot/src/share/vm/prims/jvm.cpp:1281
Event: 0.807 Thread 0x00007fbc24002800 Threw 0x00000007adcfc2c8 at /HUDSON/workspace/7u-2-build-macosx-x86_64/jdk7u75/1940/hotspot/src/share/vm/prims/jvm.cpp:1281
Event: 0.808 Thread 0x00007fbc24002800 Threw 0x00000007add04890 at /HUDSON/workspace/7u-2-build-macosx-x86_64/jdk7u75/1940/hotspot/src/share/vm/prims/jvm.cpp:1281
Event: 0.808 Thread 0x00007fbc24002800 Threw 0x00000007add0d5b8 at /HUDSON/workspace/7u-2-build-macosx-x86_64/jdk7u75/1940/hotspot/src/share/vm/prims/jvm.cpp:1281
Event: 1.010 Thread 0x00007fbc24002800 Threw 0x00000007add16310 at /HUDSON/workspace/7u-2-build-macosx-x86_64/jdk7u75/1940/hotspot/src/share/vm/prims/jvm.cpp:1281
Event: 1.010 Thread 0x00007fbc24002800 Threw 0x00000007ade6bac8 at /HUDSON/workspace/7u-2-build-macosx-x86_64/jdk7u75/1940/hotspot/src/share/vm/prims/jvm.cpp:1281
Event: 6.219 Thread 0x00007fbc24002800 Threw 0x00000007ade74808 at /HUDSON/workspace/7u-2-build-macosx-x86_64/jdk7u75/1940/hotspot/src/share/vm/prims/jvm.cpp:1281
Event: 6.219 Thread 0x00007fbc24002800 Threw 0x00000007ade7cc88 at /HUDSON/workspace/7u-2-build-macosx-x86_64/jdk7u75/1940/hotspot/src/share/vm/prims/jvm.cpp:1281
Event: 6.220 Thread 0x00007fbc24002800 Threw 0x00000007ade8cc38 at /HUDSON/workspace/7u-2-build-macosx-x86_64/jdk7u75/1940/hotspot/src/share/vm/prims/jvm.cpp:1281
Event: 6.220 Thread 0x00007fbc24002800 Threw 0x00000007ade94ac0 at /HUDSON/workspace/7u-2-build-macosx-x86_64/jdk7u75/1940/hotspot/src/share/vm/prims/jvm.cpp:1281

Events (10 events):
Event: 11715.433 Executing VM operation: GetOrSetLocal
Event: 11715.433 Executing VM operation: GetOrSetLocal done
Event: 11715.434 Executing VM operation: GetOrSetLocal
Event: 11715.434 Executing VM operation: GetOrSetLocal done
Event: 11715.434 Executing VM operation: GetOrSetLocal
Event: 11715.434 Executing VM operation: GetOrSetLocal done
Event: 11715.435 Executing VM operation: GetOrSetLocal
Event: 11715.435 Executing VM operation: GetOrSetLocal done
Event: 12593.215 Executing VM operation: GetOrSetLocal
Event: 12593.215 Executing VM operation: GetOrSetLocal done


Dynamic libraries:
0x00000000003e3000 	/System/Library/Frameworks/Cocoa.framework/Versions/A/Cocoa
0x00000000003e3000 	/System/Library/Frameworks/Security.framework/Versions/A/Security
0x00000000003e3000 	/System/Library/Frameworks/ApplicationServices.framework/Versions/A/ApplicationServices
0x00000000003e3000 	/usr/lib/libz.1.dylib
0x00000000003e3000 	/usr/lib/libSystem.B.dylib
0x00000000003e3000 	/usr/lib/libobjc.A.dylib
0x00000000003e3000 	/System/Library/Frameworks/CoreFoundation.framework/Versions/A/CoreFoundation
0x00000000003e3000 	/System/Library/Frameworks/Foundation.framework/Versions/C/Foundation
0x00000000003e3000 	/System/Library/Frameworks/AppKit.framework/Versions/C/AppKit
0x00000000003e3000 	/System/Library/Frameworks/CoreData.framework/Versions/A/CoreData
0x00000000003e3000 	/System/Library/PrivateFrameworks/RemoteViewServices.framework/Versions/A/RemoteViewServices
0x00000000003e3000 	/System/Library/Frameworks/AudioToolbox.framework/Versions/A/AudioToolbox
0x00000000003e3000 	/System/Library/Frameworks/AudioUnit.framework/Versions/A/AudioUnit
0x00000000003e3000 	/System/Library/PrivateFrameworks/DataDetectorsCore.framework/Versions/A/DataDetectorsCore
0x00000000003e3000 	/System/Library/PrivateFrameworks/DesktopServicesPriv.framework/Versions/A/DesktopServicesPriv
0x00000000003e3000 	/System/Library/Frameworks/Carbon.framework/Versions/A/Frameworks/HIToolbox.framework/Versions/A/HIToolbox
0x00000000003e3000 	/System/Library/Frameworks/QuartzCore.framework/Versions/A/QuartzCore
0x00000000003e3000 	/System/Library/Frameworks/Carbon.framework/Versions/A/Frameworks/SpeechRecognition.framework/Versions/A/SpeechRecognition
0x00000000003e3000 	/usr/lib/libauto.dylib
0x00000000003e3000 	/usr/lib/libicucore.A.dylib
0x00000000003e3000 	/usr/lib/libxml2.2.dylib
0x00000000003e3000 	/System/Library/PrivateFrameworks/CoreUI.framework/Versions/A/CoreUI
0x00000000003e3000 	/System/Library/Frameworks/CoreAudio.framework/Versions/A/CoreAudio
0x00000000003e3000 	/System/Library/Frameworks/DiskArbitration.framework/Versions/A/DiskArbitration
0x00000000003e3000 	/usr/lib/liblangid.dylib
0x00000000003e3000 	/System/Library/PrivateFrameworks/MultitouchSupport.framework/Versions/A/MultitouchSupport
0x00000000003e3000 	/System/Library/Frameworks/IOKit.framework/Versions/A/IOKit
0x00000000003e3000 	/usr/lib/libDiagnosticMessagesClient.dylib
0x00000000003e3000 	/System/Library/Frameworks/CoreServices.framework/Versions/A/CoreServices
0x00000000003e3000 	/System/Library/PrivateFrameworks/PerformanceAnalysis.framework/Versions/A/PerformanceAnalysis
0x00000000003e3000 	/System/Library/PrivateFrameworks/GenerationalStorage.framework/Versions/A/GenerationalStorage
0x00000000003e3000 	/System/Library/Frameworks/OpenGL.framework/Versions/A/OpenGL
0x00000000003e3000 	/System/Library/PrivateFrameworks/Sharing.framework/Versions/A/Sharing
0x00000000003e3000 	/System/Library/Frameworks/ImageIO.framework/Versions/A/ImageIO
0x00000000003e3000 	/System/Library/Frameworks/CoreText.framework/Versions/A/CoreText
0x00000000003e3000 	/System/Library/Frameworks/CoreGraphics.framework/Versions/A/CoreGraphics
0x00000000003e3000 	/System/Library/PrivateFrameworks/Backup.framework/Versions/A/Backup
0x00000000003e3000 	/System/Library/Frameworks/CFNetwork.framework/Versions/A/CFNetwork
0x00000000003e3000 	/System/Library/Frameworks/SystemConfiguration.framework/Versions/A/SystemConfiguration
0x00000000003e3000 	/usr/lib/libCRFSuite.dylib
0x00000000003e3000 	/usr/lib/libc++.1.dylib
0x00000000003e3000 	/usr/lib/libc++abi.dylib
0x00000000003e3000 	/usr/lib/system/libcache.dylib
0x00000000003e3000 	/usr/lib/system/libcommonCrypto.dylib
0x00000000003e3000 	/usr/lib/system/libcompiler_rt.dylib
0x00000000003e3000 	/usr/lib/system/libcopyfile.dylib
0x00000000003e3000 	/usr/lib/system/libcorecrypto.dylib
0x00000000003e3000 	/usr/lib/system/libdispatch.dylib
0x00000000003e3000 	/usr/lib/system/libdyld.dylib
0x00000000003e3000 	/usr/lib/system/libkeymgr.dylib
0x00000000003e3000 	/usr/lib/system/liblaunch.dylib
0x00000000003e3000 	/usr/lib/system/libmacho.dylib
0x00000000003e3000 	/usr/lib/system/libquarantine.dylib
0x00000000003e3000 	/usr/lib/system/libremovefile.dylib
0x00000000003e3000 	/usr/lib/system/libsystem_asl.dylib
0x00000000003e3000 	/usr/lib/system/libsystem_blocks.dylib
0x00000000003e3000 	/usr/lib/system/libsystem_c.dylib
0x00000000003e3000 	/usr/lib/system/libsystem_configuration.dylib
0x00000000003e3000 	/usr/lib/system/libsystem_dnssd.dylib
0x00000000003e3000 	/usr/lib/system/libsystem_info.dylib
0x00000000003e3000 	/usr/lib/system/libsystem_kernel.dylib
0x00000000003e3000 	/usr/lib/system/libsystem_m.dylib
0x00000000003e3000 	/usr/lib/system/libsystem_malloc.dylib
0x00000000003e3000 	/usr/lib/system/libsystem_network.dylib
0x00000000003e3000 	/usr/lib/system/libsystem_notify.dylib
0x00000000003e3000 	/usr/lib/system/libsystem_platform.dylib
0x00000000003e3000 	/usr/lib/system/libsystem_pthread.dylib
0x00000000003e3000 	/usr/lib/system/libsystem_sandbox.dylib
0x00000000003e3000 	/usr/lib/system/libsystem_stats.dylib
0x00000000003e3000 	/usr/lib/system/libunc.dylib
0x00000000003e3000 	/usr/lib/system/libunwind.dylib
0x00000000003e3000 	/usr/lib/system/libxpc.dylib
0x00000000003e3000 	/usr/lib/libbsm.0.dylib
0x00000000003e3000 	/usr/lib/libsqlite3.dylib
0x00000000003e3000 	/usr/lib/libxar.1.dylib
0x00000000003e3000 	/usr/lib/libpam.2.dylib
0x00000000003e3000 	/usr/lib/libOpenScriptingUtil.dylib
0x00000000003e3000 	/usr/lib/libbz2.1.0.dylib
0x00000000003e3000 	/System/Library/Frameworks/CoreServices.framework/Versions/A/Frameworks/CarbonCore.framework/Versions/A/CarbonCore
0x00000000003e3000 	/System/Library/Frameworks/CoreServices.framework/Versions/A/Frameworks/Metadata.framework/Versions/A/Metadata
0x00000000003e3000 	/System/Library/Frameworks/CoreServices.framework/Versions/A/Frameworks/OSServices.framework/Versions/A/OSServices
0x00000000003e3000 	/System/Library/Frameworks/CoreServices.framework/Versions/A/Frameworks/SearchKit.framework/Versions/A/SearchKit
0x00000000003e3000 	/System/Library/Frameworks/CoreServices.framework/Versions/A/Frameworks/AE.framework/Versions/A/AE
0x00000000003e3000 	/System/Library/Frameworks/CoreServices.framework/Versions/A/Frameworks/LaunchServices.framework/Versions/A/LaunchServices
0x00000000003e3000 	/System/Library/Frameworks/CoreServices.framework/Versions/A/Frameworks/DictionaryServices.framework/Versions/A/DictionaryServices
0x00000000003e3000 	/System/Library/Frameworks/NetFS.framework/Versions/A/NetFS
0x00000000003e3000 	/usr/lib/system/libkxld.dylib
0x00000000003e3000 	/System/Library/PrivateFrameworks/NetAuth.framework/Versions/A/NetAuth
0x00000000003e3000 	/System/Library/PrivateFrameworks/TCC.framework/Versions/A/TCC
0x00000000003e3000 	/System/Library/Frameworks/OpenDirectory.framework/Versions/A/Frameworks/CFOpenDirectory.framework/Versions/A/CFOpenDirectory
0x00000000003e3000 	/System/Library/Frameworks/ServiceManagement.framework/Versions/A/ServiceManagement
0x00000000003e3000 	/usr/lib/libxslt.1.dylib
0x00000000003e3000 	/System/Library/Frameworks/Carbon.framework/Versions/A/Frameworks/Ink.framework/Versions/A/Ink
0x00000000003e3000 	/System/Library/Frameworks/ApplicationServices.framework/Versions/A/Frameworks/ATS.framework/Versions/A/ATS
0x00000000003e3000 	/System/Library/Frameworks/ApplicationServices.framework/Versions/A/Frameworks/ColorSync.framework/Versions/A/ColorSync
0x00000000003e3000 	/System/Library/Frameworks/ApplicationServices.framework/Versions/A/Frameworks/HIServices.framework/Versions/A/HIServices
0x00000000003e3000 	/System/Library/Frameworks/ApplicationServices.framework/Versions/A/Frameworks/LangAnalysis.framework/Versions/A/LangAnalysis
0x00000000003e3000 	/System/Library/Frameworks/ApplicationServices.framework/Versions/A/Frameworks/PrintCore.framework/Versions/A/PrintCore
0x00000000003e3000 	/System/Library/Frameworks/ApplicationServices.framework/Versions/A/Frameworks/QD.framework/Versions/A/QD
0x00000000003e3000 	/System/Library/Frameworks/ApplicationServices.framework/Versions/A/Frameworks/SpeechSynthesis.framework/Versions/A/SpeechSynthesis
0x00000000003e3000 	/System/Library/Frameworks/IOSurface.framework/Versions/A/IOSurface
0x00000000003e3000 	/System/Library/Frameworks/Accelerate.framework/Versions/A/Accelerate
0x00000000003e3000 	/System/Library/Frameworks/Accelerate.framework/Versions/A/Frameworks/vImage.framework/Versions/A/vImage
0x00000000003e3000 	/System/Library/Frameworks/Accelerate.framework/Versions/A/Frameworks/vecLib.framework/Versions/A/vecLib
0x00000000003e3000 	/System/Library/Frameworks/Accelerate.framework/Versions/A/Frameworks/vecLib.framework/Versions/A/libvDSP.dylib
0x00000000003e3000 	/System/Library/Frameworks/Accelerate.framework/Versions/A/Frameworks/vecLib.framework/Versions/A/libvMisc.dylib
0x00000000003e3000 	/System/Library/Frameworks/Accelerate.framework/Versions/A/Frameworks/vecLib.framework/Versions/A/libLAPACK.dylib
0x00000000003e3000 	/System/Library/Frameworks/Accelerate.framework/Versions/A/Frameworks/vecLib.framework/Versions/A/libBLAS.dylib
0x00000000003e3000 	/System/Library/Frameworks/ApplicationServices.framework/Versions/A/Frameworks/ATS.framework/Versions/A/Resources/libFontParser.dylib
0x00000000003e3000 	/System/Library/Frameworks/ApplicationServices.framework/Versions/A/Frameworks/ATS.framework/Versions/A/Resources/libFontRegistry.dylib
0x00000000003e3000 	/System/Library/Frameworks/ImageIO.framework/Versions/A/Resources/libJPEG.dylib
0x00000000003e3000 	/System/Library/Frameworks/ImageIO.framework/Versions/A/Resources/libTIFF.dylib
0x00000000003e3000 	/System/Library/Frameworks/ImageIO.framework/Versions/A/Resources/libPng.dylib
0x00000000003e3000 	/System/Library/Frameworks/ImageIO.framework/Versions/A/Resources/libGIF.dylib
0x00000000003e3000 	/System/Library/Frameworks/ImageIO.framework/Versions/A/Resources/libJP2.dylib
0x00000000003e3000 	/System/Library/Frameworks/ImageIO.framework/Versions/A/Resources/libRadiance.dylib
0x00000000003e3000 	/usr/lib/libcups.2.dylib
0x00000000003e3000 	/System/Library/Frameworks/Kerberos.framework/Versions/A/Kerberos
0x00000000003e3000 	/System/Library/Frameworks/GSS.framework/Versions/A/GSS
0x00000000003e3000 	/usr/lib/libresolv.9.dylib
0x00000000003e3000 	/usr/lib/libiconv.2.dylib
0x00000000003e3000 	/System/Library/PrivateFrameworks/Heimdal.framework/Versions/A/Heimdal
0x00000000003e3000 	/System/Library/PrivateFrameworks/TrustEvaluationAgent.framework/Versions/A/TrustEvaluationAgent
0x00000000003e3000 	/usr/lib/libheimdal-asn1.dylib
0x00000000003e3000 	/System/Library/Frameworks/OpenDirectory.framework/Versions/A/OpenDirectory
0x00000000003e3000 	/System/Library/PrivateFrameworks/CommonAuth.framework/Versions/A/CommonAuth
0x00000000003e3000 	/System/Library/Frameworks/SecurityFoundation.framework/Versions/A/SecurityFoundation
0x00000000003e3000 	/System/Library/PrivateFrameworks/Bom.framework/Versions/A/Bom
0x00000000003e3000 	/System/Library/Frameworks/CoreVideo.framework/Versions/A/CoreVideo
0x00000000003e3000 	/System/Library/Frameworks/QuartzCore.framework/Versions/A/Frameworks/CoreImage.framework/Versions/A/CoreImage
0x00000000003e3000 	/System/Library/Frameworks/QuartzCore.framework/Versions/A/Frameworks/ScalableUserInterface.framework/Versions/A/ScalableUserInterface
0x00000000003e3000 	/System/Library/Frameworks/OpenGL.framework/Versions/A/Libraries/libGLU.dylib
0x00000000003e3000 	/System/Library/Frameworks/OpenGL.framework/Versions/A/Libraries/libGFXShared.dylib
0x00000000003e3000 	/System/Library/Frameworks/OpenGL.framework/Versions/A/Libraries/libGL.dylib
0x00000000003e3000 	/System/Library/Frameworks/OpenGL.framework/Versions/A/Libraries/libGLImage.dylib
0x00000000003e3000 	/System/Library/Frameworks/OpenGL.framework/Versions/A/Libraries/libCVMSPluginSupport.dylib
0x00000000003e3000 	/System/Library/Frameworks/OpenGL.framework/Versions/A/Libraries/libCoreVMClient.dylib
0x00000000003e3000 	/System/Library/PrivateFrameworks/FaceCore.framework/Versions/A/FaceCore
0x00000000003e3000 	/System/Library/PrivateFrameworks/CrashReporterSupport.framework/Versions/A/CrashReporterSupport
0x00000000003e3000 	/System/Library/Frameworks/OpenCL.framework/Versions/A/OpenCL
0x00000000003e3000 	/System/Library/PrivateFrameworks/AppleFSCompression.framework/Versions/A/AppleFSCompression
0x00000000003e3000 	/System/Library/PrivateFrameworks/Ubiquity.framework/Versions/A/Ubiquity
0x00000000003e3000 	/System/Library/PrivateFrameworks/IconServices.framework/Versions/A/IconServices
0x00000000003e3000 	/System/Library/PrivateFrameworks/ChunkingLibrary.framework/Versions/A/ChunkingLibrary
0x00000000003e3000 	/System/Library/PrivateFrameworks/CoreSymbolication.framework/Versions/A/CoreSymbolication
0x00000000003e3000 	/System/Library/PrivateFrameworks/Symbolication.framework/Versions/A/Symbolication
0x00000000003e3000 	/System/Library/PrivateFrameworks/DebugSymbols.framework/Versions/A/DebugSymbols
0x000000010b600000 	/Library/Java/JavaVirtualMachines/jdk1.7.0_75.jdk/Contents/Home/jre/lib/server/libjvm.dylib
0x00000000003e3000 	/usr/lib/libstdc++.6.dylib
0x000000010a5cb000 	/Library/Java/JavaVirtualMachines/jdk1.7.0_75.jdk/Contents/Home/jre/lib/libverify.dylib
0x000000010c061000 	/Library/Java/JavaVirtualMachines/jdk1.7.0_75.jdk/Contents/Home/jre/lib/libjava.dylib
0x000000010c091000 	/Library/Java/JavaVirtualMachines/jdk1.7.0_75.jdk/Contents/Home/jre/lib/libjdwp.dylib
0x000000010a5d9000 	/Library/Java/JavaVirtualMachines/jdk1.7.0_75.jdk/Contents/Home/jre/lib/libnpt.dylib
0x000000010a5e6000 	/Library/Java/JavaVirtualMachines/jdk1.7.0_75.jdk/Contents/Home/jre/lib/libzip.dylib
0x000000011b49a000 	/System/Library/Frameworks/JavaVM.framework/Frameworks/JavaRuntimeSupport.framework/JavaRuntimeSupport
0x000000011b4b2000 	/System/Library/Frameworks/JavaVM.framework/Versions/A/Frameworks/JavaNativeFoundation.framework/Versions/A/JavaNativeFoundation
0x000000010a5f0000 	/System/Library/Frameworks/JavaVM.framework/Versions/A/JavaVM
0x00000000003e3000 	/System/Library/Frameworks/Carbon.framework/Versions/A/Carbon
0x000000011b4c7000 	/System/Library/PrivateFrameworks/JavaLaunching.framework/Versions/A/JavaLaunching
0x00000000003e3000 	/System/Library/Frameworks/Carbon.framework/Versions/A/Frameworks/CommonPanels.framework/Versions/A/CommonPanels
0x00000000003e3000 	/System/Library/Frameworks/Carbon.framework/Versions/A/Frameworks/Help.framework/Versions/A/Help
0x00000000003e3000 	/System/Library/Frameworks/Carbon.framework/Versions/A/Frameworks/ImageCapture.framework/Versions/A/ImageCapture
0x00000000003e3000 	/System/Library/Frameworks/Carbon.framework/Versions/A/Frameworks/OpenScripting.framework/Versions/A/OpenScripting
0x00000000003e3000 	/System/Library/Frameworks/Carbon.framework/Versions/A/Frameworks/Print.framework/Versions/A/Print
0x00000000003e3000 	/System/Library/Frameworks/Carbon.framework/Versions/A/Frameworks/SecurityHI.framework/Versions/A/SecurityHI
0x000000011b6dc000 	/Library/Java/JavaVirtualMachines/jdk1.7.0_75.jdk/Contents/Home/jre/lib/libdt_socket.dylib
0x000000011c165000 	/Library/Java/JavaVirtualMachines/jdk1.7.0_75.jdk/Contents/Home/jre/lib/libnio.dylib
0x000000011c174000 	/Library/Java/JavaVirtualMachines/jdk1.7.0_75.jdk/Contents/Home/jre/lib/./libnet.dylib

VM Arguments:
jvm_args: -agentlib:jdwp=transport=dt_socket,address=127.0.0.1:50223,suspend=y,server=n -Dfile.encoding=UTF-8 
java_command: org.jetbrains.plugins.scala.testingSupport.scalaTest.ScalaTestRunner -s CrytpoSquareTest -showProgressMessages true -C org.jetbrains.plugins.scala.testingSupport.scalaTest.ScalaTestReporter
Launcher Type: SUN_STANDARD

Environment Variables:
PATH=/usr/bin:/bin:/usr/sbin:/sbin:/usr/local/bin
SHELL=/bin/bash

Signal Handlers:
SIGSEGV: [libjvm.dylib+0x52d20d], sa_mask[0]=0xfffefeff, sa_flags=0x00000043
SIGBUS: [libjvm.dylib+0x52d20d], sa_mask[0]=0xfffefeff, sa_flags=0x00000042
SIGFPE: [libjvm.dylib+0x41ee7a], sa_mask[0]=0xfffefeff, sa_flags=0x00000042
SIGPIPE: [libjvm.dylib+0x41ee7a], sa_mask[0]=0xfffefeff, sa_flags=0x00000042
SIGXFSZ: [libjvm.dylib+0x41ee7a], sa_mask[0]=0xfffefeff, sa_flags=0x00000042
SIGILL: [libjvm.dylib+0x41ee7a], sa_mask[0]=0xfffefeff, sa_flags=0x00000042
SIGUSR1: SIG_DFL, sa_mask[0]=0x00000000, sa_flags=0x00000002
SIGUSR2: [libjvm.dylib+0x41e96c], sa_mask[0]=0x00000004, sa_flags=0x00000042
SIGHUP: [libjvm.dylib+0x41cbfd], sa_mask[0]=0xfffefeff, sa_flags=0x00000042
SIGINT: [libjvm.dylib+0x41cbfd], sa_mask[0]=0xfffefeff, sa_flags=0x00000042
SIGTERM: [libjvm.dylib+0x41cbfd], sa_mask[0]=0xfffefeff, sa_flags=0x00000042
SIGQUIT: [libjvm.dylib+0x41cbfd], sa_mask[0]=0xfffefeff, sa_flags=0x00000042


---------------  S Y S T E M  ---------------

OS:Bsduname:Darwin 13.4.0 Darwin Kernel Version 13.4.0: Sun Aug 17 19:50:11 PDT 2014; root:xnu-2422.115.4~1/RELEASE_X86_64 x86_64
rlimit: STACK 8192k, CORE 0k, NPROC 709, NOFILE 10240, AS infinity
load average:2.63 3.01 3.18

CPU:total 8 (4 cores per cpu, 2 threads per core) family 6 model 70 stepping 1, cmov, cx8, fxsr, mmx, sse, sse2, sse3, ssse3, sse4.1, sse4.2, popcnt, avx, avx2, aes, erms, ht, tsc, tscinvbit

Memory: 4k page, physical 16777216k(4194304k free)

/proc/meminfo:


vm_info: Java HotSpot(TM) 64-Bit Server VM (24.75-b04) for bsd-amd64 JRE (1.7.0_75-b13), built on Dec 18 2014 21:48:12 by "java_re" with gcc 4.2.1 (Based on Apple Inc. build 5658) (LLVM build 2336.11.00)

time: Sun Oct 25 13:28:27 2015
elapsed time: 12593 seconds

