#
# A fatal error has been detected by the Java Runtime Environment:
#
#  SIGSEGV (0xb) at pc=0x000000010a7383a0, pid=1357, tid=20227
#
# JRE version: Java(TM) SE Runtime Environment (7.0_75-b13) (build 1.7.0_75-b13)
# Java VM: Java HotSpot(TM) 64-Bit Server VM (24.75-b04 mixed mode bsd-amd64 compressed oops)
# Problematic frame:
# V  [libjvm.dylib+0x3383a0]
#
# Failed to write core dump. Core dumps have been disabled. To enable core dumping, try "ulimit -c unlimited" before starting Java again
#
# If you would like to submit a bug report, please visit:
#   http://bugreport.sun.com/bugreport/crash.jsp
#

---------------  T H R E A D  ---------------

Current thread (0x00007fc414001800):  JavaThread "JDWP Transport Listener: dt_socket" daemon [_thread_in_vm, id=20227, stack(0x000000011a5ed000,0x000000011a6ed000)]

siginfo:si_signo=SIGSEGV: si_errno=0, si_code=0 (SEGV0), si_addr=0x0000000000000000

Registers:
RAX=0x0000000000000001, RBX=0x000000011a6eca8b, RCX=0x00000000000fc080, RDX=0x000000011a6eca8b
RSP=0x000000011a6ec9f0, RBP=0x000000011a6eca40, RSI=0x00007fc414001800, RDI=0x00007fc4115027a0
R8 =0x00007fc413026f20, R9 =0x00007fc413033c80, R10=0x00000000c86e6753, R11=0x000000004347e211
R12=0x00007fc414001800, R13=0xb50100000000040a, R14=0xb50100000000040a, R15=0x00007fc4115027a0
RIP=0x000000010a7383a0, EFLAGS=0x0000000000010286, ERR=0x0000000000000000
  TRAPNO=0x000000000000000d

Top of Stack: (sp=0x000000011a6ec9f0)
0x000000011a6ec9f0:   00007fc414001800 0000000000000000
0x000000011a6eca00:   0000000000000000 0000000000000000
0x000000011a6eca10:   00007fc414001800 00007fc414001800
0x000000011a6eca20:   000000011a6eca8b 000000011a6eca90
0x000000011a6eca30:   b50100000000040a 0000000000000013
0x000000011a6eca40:   000000011a6eca60 000000010afb41a8
0x000000011a6eca50:   0000000000000001 000000011a6ecb08
0x000000011a6eca60:   000000011a6ecad0 000000010af98fbb
0x000000011a6eca70:   000000011a6ecaa0 00007fc413038a00
0x000000011a6eca80:   0000001500000032 00000001006ecb08
0x000000011a6eca90:   0000000000000000 0000000000000000
0x000000011a6ecaa0:   0000000000000000 000000011a6ecc90
0x000000011a6ecab0:   000000010afbbdc2 00007fc411659db0
0x000000011a6ecac0:   000000011a6ecb08 000000010afc7588
0x000000011a6ecad0:   000000011a6ecae0 000000010af990b4
0x000000011a6ecae0:   000000011a6ecd00 000000010afa2642
0x000000011a6ecaf0:   0000b89f00000013 00000000000f0200
0x000000011a6ecb00:   00007fc411656020 00007fc414155b4c
0x000000011a6ecb10:   00007fc400000364 00007fc413037e60
0x000000011a6ecb20:   00007fc40000012c 000000011a6ecb58
0x000000011a6ecb30:   00007fc413038da0 00007f0000000000
0x000000011a6ecb40:   0000b89f000004db 00007fff00000e80
0x000000011a6ecb50:   0000000000000000 c47f000015000000
0x000000011a6ecb60:   0f00000040870313 6765537865646e69
0x000000011a6ecb70:   00312473746e656d 6163734c28430000
0x000000011a6ecb80:   656c6c6f632f616c 6d692f6e6f697463
0x000000011a6ecb90:   2f656c626174756d 734c293b7473694c
0x000000011a6ecba0:   6c6f632f616c6163 2f6e6f697463656c
0x000000011a6ecbb0:   6c626174756d6d69 00003b70614d2f65
0x000000011a6ecbc0:   0000120000000000 000048870313c47f
0x000000011a6ecbd0:   49746e6972701600 655364657865646e
0x000000011a6ecbe0:   312473746e656d67 63734c2834000000 

Instructions: (pc=0x000000010a7383a0)
0x000000010a738380:   00 00 00 41 f6 87 68 01 00 00 10 75 07 b8 63 00
0x000000010a738390:   00 00 eb 7a 4d 85 f6 75 07 b8 17 00 00 00 eb 6e
0x000000010a7383a0:   4d 8b 36 48 b8 fe fe fe fe fe fe fe fe 49 39 c6
0x000000010a7383b0:   74 e7 4d 85 f6 74 e2 48 8d 05 e2 5e 4d 00 80 38 

Register to memory mapping:

RAX=0x0000000000000001 is an unknown value
RBX=0x000000011a6eca8b is pointing into the stack for thread: 0x00007fc414001800
RCX=0x00000000000fc080 is an unknown value
RDX=0x000000011a6eca8b is pointing into the stack for thread: 0x00007fc414001800
RSP=0x000000011a6ec9f0 is pointing into the stack for thread: 0x00007fc414001800
RBP=0x000000011a6eca40 is pointing into the stack for thread: 0x00007fc414001800
RSI=0x00007fc414001800 is a thread
RDI=0x00007fc4115027a0 is an unknown value
R8 =0x00007fc413026f20 is an unknown value
R9 =0x00007fc413033c80 is an unknown value
R10=0x00000000c86e6753 is an unknown value
R11=0x000000004347e211 is an unknown value
R12=0x00007fc414001800 is a thread
R13=0xb50100000000040a is an unknown value
R14=0xb50100000000040a is an unknown value
R15=0x00007fc4115027a0 is an unknown value


Stack: [0x000000011a5ed000,0x000000011a6ed000],  sp=0x000000011a6ec9f0,  free space=1022k
Native frames: (J=compiled Java code, j=interpreted, Vv=VM code, C=native code)
V  [libjvm.dylib+0x3383a0]
C  [libjdwp.dylib+0x201a8]  isMethodSynthetic+0x63
C  [libjdwp.dylib+0x4fbb]  methods1+0x10b
C  [libjdwp.dylib+0x50b4]  methodsWithGeneric+0xe
C  [libjdwp.dylib+0xe642]  debugLoop_run+0x1ce
C  [libjdwp.dylib+0x1f0e2]  attachThread+0x4d
V  [libjvm.dylib+0x378fc2]
V  [libjvm.dylib+0x4f6cb9]
V  [libjvm.dylib+0x4f83c1]
V  [libjvm.dylib+0x421762]
C  [libsystem_pthread.dylib+0x1899]  _pthread_body+0x8a
C  [libsystem_pthread.dylib+0x172a]  _pthread_struct_init+0x0
C  [libsystem_pthread.dylib+0x5fc9]  thread_start+0xd


---------------  P R O C E S S  ---------------

Java Threads: ( => current thread )
  0x00007fc41213d000 JavaThread "ScalaTest-dispatcher" [_thread_blocked, id=23811, stack(0x000000011b507000,0x000000011b607000)]
  0x00007fc41480c000 JavaThread "Service Thread" daemon [_thread_blocked, id=22787, stack(0x000000011aafc000,0x000000011abfc000)]
  0x00007fc41480b800 JavaThread "C2 CompilerThread1" daemon [_thread_blocked, id=22275, stack(0x000000011a9f9000,0x000000011aaf9000)]
  0x00007fc414809800 JavaThread "C2 CompilerThread0" daemon [_thread_blocked, id=21763, stack(0x000000011a8f6000,0x000000011a9f6000)]
  0x00007fc414003000 JavaThread "JDWP Command Reader" daemon [_thread_in_native, id=21251, stack(0x000000011a7f3000,0x000000011a8f3000)]
  0x00007fc414002000 JavaThread "JDWP Event Helper Thread" daemon [_thread_blocked, id=20739, stack(0x000000011a6f0000,0x000000011a7f0000)]
=>0x00007fc414001800 JavaThread "JDWP Transport Listener: dt_socket" daemon [_thread_in_vm, id=20227, stack(0x000000011a5ed000,0x000000011a6ed000)]
  0x00007fc41200e800 JavaThread "Signal Dispatcher" daemon [_thread_blocked, id=19715, stack(0x000000011a4ea000,0x000000011a5ea000)]
  0x00007fc41200c800 JavaThread "Finalizer" daemon [_thread_blocked, id=14595, stack(0x000000011a29b000,0x000000011a39b000)]
  0x00007fc41200c000 JavaThread "Reference Handler" daemon [_thread_blocked, id=14083, stack(0x000000011a198000,0x000000011a298000)]
  0x00007fc412804000 JavaThread "ScalaTest-run-running-CrytpoSquareTest" [_thread_blocked, id=6403, stack(0x000000010ae62000,0x000000010af62000)]

Other Threads:
  0x00007fc41284d800 VMThread [stack: 0x000000011a095000,0x000000011a195000] [id=13571]
  0x00007fc414815000 WatcherThread [stack: 0x000000011abff000,0x000000011acff000] [id=23299]

VM state:not at safepoint (normal execution)

VM Mutex/Monitor currently owned by a thread: None

Heap
 PSYoungGen      total 76800K, used 54446K [0x00000007aaa80000, 0x00000007b0000000, 0x0000000800000000)
  eden space 66048K, 82% used [0x00000007aaa80000,0x00000007adfab970,0x00000007aeb00000)
  from space 10752K, 0% used [0x00000007af580000,0x00000007af580000,0x00000007b0000000)
  to   space 10752K, 0% used [0x00000007aeb00000,0x00000007aeb00000,0x00000007af580000)
 ParOldGen       total 174592K, used 0K [0x0000000700000000, 0x000000070aa80000, 0x00000007aaa80000)
  object space 174592K, 0% used [0x0000000700000000,0x0000000700000000,0x000000070aa80000)
 PSPermGen       total 21504K, used 12766K [0x00000006fae00000, 0x00000006fc300000, 0x0000000700000000)
  object space 21504K, 59% used [0x00000006fae00000,0x00000006fba779e8,0x00000006fc300000)

Card table byte_map: [0x000000010e091000,0x000000010e8bb000] byte_map_base: 0x000000010a8ba000

Polling page: 0x00000001093dd000

Code Cache  [0x000000010afd1000, 0x000000010b241000, 0x000000010dfd1000)
 total_blobs=346 nmethods=73 adapters=235 free_code_cache=48420Kb largest_free_block=49545536

Compilation events (10 events):
Event: 0.768 Thread 0x00007fc41480b800   68             java.lang.String::lastIndexOf (13 bytes)
Event: 0.770 Thread 0x00007fc41480b800 nmethod 68 0x000000010b071590 code [0x000000010b0716e0, 0x000000010b0718a8]
Event: 0.799 Thread 0x00007fc414809800   70             java.lang.AbstractStringBuilder::<init> (12 bytes)
Event: 0.800 Thread 0x00007fc414809800 nmethod 70 0x000000010b06fb50 code [0x000000010b06fca0, 0x000000010b06fdd8]
Event: 0.845 Thread 0x00007fc41480b800   71 % !         java.net.URL::<init> @ 147 (543 bytes)
Event: 0.849 Thread 0x00007fc414809800   72             java.lang.CharacterDataLatin1::toLowerCase (39 bytes)
Event: 0.849 Thread 0x00007fc414809800 nmethod 72 0x000000010b07b350 code [0x000000010b07b480, 0x000000010b07b558]
Event: 0.884 Thread 0x00007fc41480b800 nmethod 71% 0x000000010b089050 code [0x000000010b089380, 0x000000010b08ad80]
Event: 0.995 Thread 0x00007fc414809800   73   !         java.net.URL::<init> (543 bytes)
Event: 1.050 Thread 0x00007fc414809800 nmethod 73 0x000000010b08ca50 code [0x000000010b08cda0, 0x000000010b08eb60]

GC Heap History (0 events):
No events

Deoptimization events (8 events):
Event: 0.572 Thread 0x00007fc412804000 Uncommon trap: reason=bimorphic action=maybe_recompile pc=0x000000010b041d38 method=java.util.HashMap.getEntry(Ljava/lang/Object;)Ljava/util/HashMap$Entry; @ 68
Event: 0.572 Thread 0x00007fc412804000 Uncommon trap: reason=bimorphic action=maybe_recompile pc=0x000000010b041d38 method=java.util.HashMap.getEntry(Ljava/lang/Object;)Ljava/util/HashMap$Entry; @ 68
Event: 0.572 Thread 0x00007fc412804000 Uncommon trap: reason=bimorphic action=maybe_recompile pc=0x000000010b041d38 method=java.util.HashMap.getEntry(Ljava/lang/Object;)Ljava/util/HashMap$Entry; @ 68
Event: 0.572 Thread 0x00007fc412804000 Uncommon trap: reason=bimorphic action=maybe_recompile pc=0x000000010b041d38 method=java.util.HashMap.getEntry(Ljava/lang/Object;)Ljava/util/HashMap$Entry; @ 68
Event: 0.584 Thread 0x00007fc412804000 Uncommon trap: reason=unloaded action=reinterpret pc=0x000000010b0568c8 method=sun.misc.URLClassPath$FileLoader.getResource(Ljava/lang/String;Z)Lsun/misc/Resource; @ 142
Event: 0.678 Thread 0x00007fc412804000 Uncommon trap: reason=unreached action=reinterpret pc=0x000000010b06037c method=java.util.zip.ZipCoder.encoder()Ljava/nio/charset/CharsetEncoder; @ 4
Event: 0.679 Thread 0x00007fc412804000 Uncommon trap: reason=unreached action=reinterpret pc=0x000000010b064734 method=java.net.URL.<init>(Ljava/net/URL;Ljava/lang/String;Ljava/net/URLStreamHandler;)V @ 228
Event: 0.680 Thread 0x00007fc412804000 Uncommon trap: reason=unreached action=reinterpret pc=0x000000010b04d2dc method=java.util.zip.ZipCoder.encoder()Ljava/nio/charset/CharsetEncoder; @ 4

Internal exceptions (10 events):
Event: 0.846 Thread 0x00007fc412804000 Threw 0x00000007adce56c8 at /HUDSON/workspace/7u-2-build-macosx-x86_64/jdk7u75/1940/hotspot/src/share/vm/prims/jvm.cpp:1281
Event: 0.847 Thread 0x00007fc412804000 Threw 0x00000007adcee500 at /HUDSON/workspace/7u-2-build-macosx-x86_64/jdk7u75/1940/hotspot/src/share/vm/prims/jvm.cpp:1281
Event: 0.848 Thread 0x00007fc412804000 Threw 0x00000007adcf7a28 at /HUDSON/workspace/7u-2-build-macosx-x86_64/jdk7u75/1940/hotspot/src/share/vm/prims/jvm.cpp:1281
Event: 0.849 Thread 0x00007fc412804000 Threw 0x00000007adcffff0 at /HUDSON/workspace/7u-2-build-macosx-x86_64/jdk7u75/1940/hotspot/src/share/vm/prims/jvm.cpp:1281
Event: 0.849 Thread 0x00007fc412804000 Threw 0x00000007add08d18 at /HUDSON/workspace/7u-2-build-macosx-x86_64/jdk7u75/1940/hotspot/src/share/vm/prims/jvm.cpp:1281
Event: 0.995 Thread 0x00007fc412804000 Threw 0x00000007add11a70 at /HUDSON/workspace/7u-2-build-macosx-x86_64/jdk7u75/1940/hotspot/src/share/vm/prims/jvm.cpp:1281
Event: 0.996 Thread 0x00007fc412804000 Threw 0x00000007ade63b38 at /HUDSON/workspace/7u-2-build-macosx-x86_64/jdk7u75/1940/hotspot/src/share/vm/prims/jvm.cpp:1281
Event: 2.583 Thread 0x00007fc412804000 Threw 0x00000007ade6bab8 at /HUDSON/workspace/7u-2-build-macosx-x86_64/jdk7u75/1940/hotspot/src/share/vm/prims/jvm.cpp:1281
Event: 2.585 Thread 0x00007fc412804000 Threw 0x00000007ade71430 at /HUDSON/workspace/7u-2-build-macosx-x86_64/jdk7u75/1940/hotspot/src/share/vm/prims/jvm.cpp:1281
Event: 2.586 Thread 0x00007fc412804000 Threw 0x00000007ade77590 at /HUDSON/workspace/7u-2-build-macosx-x86_64/jdk7u75/1940/hotspot/src/share/vm/prims/jvm.cpp:1281

Events (10 events):
Event: 6474.097 Executing VM operation: GetOrSetLocal
Event: 6474.097 Executing VM operation: GetOrSetLocal done
Event: 6474.108 Executing VM operation: GetOrSetLocal
Event: 6474.108 Executing VM operation: GetOrSetLocal done
Event: 6474.109 Executing VM operation: GetOrSetLocal
Event: 6474.109 Executing VM operation: GetOrSetLocal done
Event: 6474.109 Executing VM operation: GetOrSetLocal
Event: 6474.109 Executing VM operation: GetOrSetLocal done
Event: 6474.110 Executing VM operation: GetOrSetLocal
Event: 6474.110 Executing VM operation: GetOrSetLocal done


Dynamic libraries:
0x00000000003e3000 	/System/Library/Frameworks/Cocoa.framework/Versions/A/Cocoa
0x00000000003e3000 	/System/Library/Frameworks/Security.framework/Versions/A/Security
0x00000000003e3000 	/System/Library/Frameworks/ApplicationServices.framework/Versions/A/ApplicationServices
0x00000000003e3000 	/usr/lib/libz.1.dylib
0x00000000003e3000 	/usr/lib/libSystem.B.dylib
0x00000000003e3000 	/usr/lib/libobjc.A.dylib
0x00000000003e3000 	/System/Library/Frameworks/CoreFoundation.framework/Versions/A/CoreFoundation
0x00000000003e3000 	/System/Library/Frameworks/Foundation.framework/Versions/C/Foundation
0x00000000003e3000 	/System/Library/Frameworks/AppKit.framework/Versions/C/AppKit
0x00000000003e3000 	/System/Library/Frameworks/CoreData.framework/Versions/A/CoreData
0x00000000003e3000 	/System/Library/PrivateFrameworks/RemoteViewServices.framework/Versions/A/RemoteViewServices
0x00000000003e3000 	/System/Library/Frameworks/AudioToolbox.framework/Versions/A/AudioToolbox
0x00000000003e3000 	/System/Library/Frameworks/AudioUnit.framework/Versions/A/AudioUnit
0x00000000003e3000 	/System/Library/PrivateFrameworks/DataDetectorsCore.framework/Versions/A/DataDetectorsCore
0x00000000003e3000 	/System/Library/PrivateFrameworks/DesktopServicesPriv.framework/Versions/A/DesktopServicesPriv
0x00000000003e3000 	/System/Library/Frameworks/Carbon.framework/Versions/A/Frameworks/HIToolbox.framework/Versions/A/HIToolbox
0x00000000003e3000 	/System/Library/Frameworks/QuartzCore.framework/Versions/A/QuartzCore
0x00000000003e3000 	/System/Library/Frameworks/Carbon.framework/Versions/A/Frameworks/SpeechRecognition.framework/Versions/A/SpeechRecognition
0x00000000003e3000 	/usr/lib/libauto.dylib
0x00000000003e3000 	/usr/lib/libicucore.A.dylib
0x00000000003e3000 	/usr/lib/libxml2.2.dylib
0x00000000003e3000 	/System/Library/PrivateFrameworks/CoreUI.framework/Versions/A/CoreUI
0x00000000003e3000 	/System/Library/Frameworks/CoreAudio.framework/Versions/A/CoreAudio
0x00000000003e3000 	/System/Library/Frameworks/DiskArbitration.framework/Versions/A/DiskArbitration
0x00000000003e3000 	/usr/lib/liblangid.dylib
0x00000000003e3000 	/System/Library/PrivateFrameworks/MultitouchSupport.framework/Versions/A/MultitouchSupport
0x00000000003e3000 	/System/Library/Frameworks/IOKit.framework/Versions/A/IOKit
0x00000000003e3000 	/usr/lib/libDiagnosticMessagesClient.dylib
0x00000000003e3000 	/System/Library/Frameworks/CoreServices.framework/Versions/A/CoreServices
0x00000000003e3000 	/System/Library/PrivateFrameworks/PerformanceAnalysis.framework/Versions/A/PerformanceAnalysis
0x00000000003e3000 	/System/Library/PrivateFrameworks/GenerationalStorage.framework/Versions/A/GenerationalStorage
0x00000000003e3000 	/System/Library/Frameworks/OpenGL.framework/Versions/A/OpenGL
0x00000000003e3000 	/System/Library/PrivateFrameworks/Sharing.framework/Versions/A/Sharing
0x00000000003e3000 	/System/Library/Frameworks/ImageIO.framework/Versions/A/ImageIO
0x00000000003e3000 	/System/Library/Frameworks/CoreText.framework/Versions/A/CoreText
0x00000000003e3000 	/System/Library/Frameworks/CoreGraphics.framework/Versions/A/CoreGraphics
0x00000000003e3000 	/System/Library/PrivateFrameworks/Backup.framework/Versions/A/Backup
0x00000000003e3000 	/System/Library/Frameworks/CFNetwork.framework/Versions/A/CFNetwork
0x00000000003e3000 	/System/Library/Frameworks/SystemConfiguration.framework/Versions/A/SystemConfiguration
0x00000000003e3000 	/usr/lib/libCRFSuite.dylib
0x00000000003e3000 	/usr/lib/libc++.1.dylib
0x00000000003e3000 	/usr/lib/libc++abi.dylib
0x00000000003e3000 	/usr/lib/system/libcache.dylib
0x00000000003e3000 	/usr/lib/system/libcommonCrypto.dylib
0x00000000003e3000 	/usr/lib/system/libcompiler_rt.dylib
0x00000000003e3000 	/usr/lib/system/libcopyfile.dylib
0x00000000003e3000 	/usr/lib/system/libcorecrypto.dylib
0x00000000003e3000 	/usr/lib/system/libdispatch.dylib
0x00000000003e3000 	/usr/lib/system/libdyld.dylib
0x00000000003e3000 	/usr/lib/system/libkeymgr.dylib
0x00000000003e3000 	/usr/lib/system/liblaunch.dylib
0x00000000003e3000 	/usr/lib/system/libmacho.dylib
0x00000000003e3000 	/usr/lib/system/libquarantine.dylib
0x00000000003e3000 	/usr/lib/system/libremovefile.dylib
0x00000000003e3000 	/usr/lib/system/libsystem_asl.dylib
0x00000000003e3000 	/usr/lib/system/libsystem_blocks.dylib
0x00000000003e3000 	/usr/lib/system/libsystem_c.dylib
0x00000000003e3000 	/usr/lib/system/libsystem_configuration.dylib
0x00000000003e3000 	/usr/lib/system/libsystem_dnssd.dylib
0x00000000003e3000 	/usr/lib/system/libsystem_info.dylib
0x00000000003e3000 	/usr/lib/system/libsystem_kernel.dylib
0x00000000003e3000 	/usr/lib/system/libsystem_m.dylib
0x00000000003e3000 	/usr/lib/system/libsystem_malloc.dylib
0x00000000003e3000 	/usr/lib/system/libsystem_network.dylib
0x00000000003e3000 	/usr/lib/system/libsystem_notify.dylib
0x00000000003e3000 	/usr/lib/system/libsystem_platform.dylib
0x00000000003e3000 	/usr/lib/system/libsystem_pthread.dylib
0x00000000003e3000 	/usr/lib/system/libsystem_sandbox.dylib
0x00000000003e3000 	/usr/lib/system/libsystem_stats.dylib
0x00000000003e3000 	/usr/lib/system/libunc.dylib
0x00000000003e3000 	/usr/lib/system/libunwind.dylib
0x00000000003e3000 	/usr/lib/system/libxpc.dylib
0x00000000003e3000 	/usr/lib/libbsm.0.dylib
0x00000000003e3000 	/usr/lib/libsqlite3.dylib
0x00000000003e3000 	/usr/lib/libxar.1.dylib
0x00000000003e3000 	/usr/lib/libpam.2.dylib
0x00000000003e3000 	/usr/lib/libOpenScriptingUtil.dylib
0x00000000003e3000 	/usr/lib/libbz2.1.0.dylib
0x00000000003e3000 	/System/Library/Frameworks/CoreServices.framework/Versions/A/Frameworks/CarbonCore.framework/Versions/A/CarbonCore
0x00000000003e3000 	/System/Library/Frameworks/CoreServices.framework/Versions/A/Frameworks/Metadata.framework/Versions/A/Metadata
0x00000000003e3000 	/System/Library/Frameworks/CoreServices.framework/Versions/A/Frameworks/OSServices.framework/Versions/A/OSServices
0x00000000003e3000 	/System/Library/Frameworks/CoreServices.framework/Versions/A/Frameworks/SearchKit.framework/Versions/A/SearchKit
0x00000000003e3000 	/System/Library/Frameworks/CoreServices.framework/Versions/A/Frameworks/AE.framework/Versions/A/AE
0x00000000003e3000 	/System/Library/Frameworks/CoreServices.framework/Versions/A/Frameworks/LaunchServices.framework/Versions/A/LaunchServices
0x00000000003e3000 	/System/Library/Frameworks/CoreServices.framework/Versions/A/Frameworks/DictionaryServices.framework/Versions/A/DictionaryServices
0x00000000003e3000 	/System/Library/Frameworks/NetFS.framework/Versions/A/NetFS
0x00000000003e3000 	/usr/lib/system/libkxld.dylib
0x00000000003e3000 	/System/Library/PrivateFrameworks/NetAuth.framework/Versions/A/NetAuth
0x00000000003e3000 	/System/Library/PrivateFrameworks/TCC.framework/Versions/A/TCC
0x00000000003e3000 	/System/Library/Frameworks/OpenDirectory.framework/Versions/A/Frameworks/CFOpenDirectory.framework/Versions/A/CFOpenDirectory
0x00000000003e3000 	/System/Library/Frameworks/ServiceManagement.framework/Versions/A/ServiceManagement
0x00000000003e3000 	/usr/lib/libxslt.1.dylib
0x00000000003e3000 	/System/Library/Frameworks/Carbon.framework/Versions/A/Frameworks/Ink.framework/Versions/A/Ink
0x00000000003e3000 	/System/Library/Frameworks/ApplicationServices.framework/Versions/A/Frameworks/ATS.framework/Versions/A/ATS
0x00000000003e3000 	/System/Library/Frameworks/ApplicationServices.framework/Versions/A/Frameworks/ColorSync.framework/Versions/A/ColorSync
0x00000000003e3000 	/System/Library/Frameworks/ApplicationServices.framework/Versions/A/Frameworks/HIServices.framework/Versions/A/HIServices
0x00000000003e3000 	/System/Library/Frameworks/ApplicationServices.framework/Versions/A/Frameworks/LangAnalysis.framework/Versions/A/LangAnalysis
0x00000000003e3000 	/System/Library/Frameworks/ApplicationServices.framework/Versions/A/Frameworks/PrintCore.framework/Versions/A/PrintCore
0x00000000003e3000 	/System/Library/Frameworks/ApplicationServices.framework/Versions/A/Frameworks/QD.framework/Versions/A/QD
0x00000000003e3000 	/System/Library/Frameworks/ApplicationServices.framework/Versions/A/Frameworks/SpeechSynthesis.framework/Versions/A/SpeechSynthesis
0x00000000003e3000 	/System/Library/Frameworks/IOSurface.framework/Versions/A/IOSurface
0x00000000003e3000 	/System/Library/Frameworks/Accelerate.framework/Versions/A/Accelerate
0x00000000003e3000 	/System/Library/Frameworks/Accelerate.framework/Versions/A/Frameworks/vImage.framework/Versions/A/vImage
0x00000000003e3000 	/System/Library/Frameworks/Accelerate.framework/Versions/A/Frameworks/vecLib.framework/Versions/A/vecLib
0x00000000003e3000 	/System/Library/Frameworks/Accelerate.framework/Versions/A/Frameworks/vecLib.framework/Versions/A/libvDSP.dylib
0x00000000003e3000 	/System/Library/Frameworks/Accelerate.framework/Versions/A/Frameworks/vecLib.framework/Versions/A/libvMisc.dylib
0x00000000003e3000 	/System/Library/Frameworks/Accelerate.framework/Versions/A/Frameworks/vecLib.framework/Versions/A/libLAPACK.dylib
0x00000000003e3000 	/System/Library/Frameworks/Accelerate.framework/Versions/A/Frameworks/vecLib.framework/Versions/A/libBLAS.dylib
0x00000000003e3000 	/System/Library/Frameworks/ApplicationServices.framework/Versions/A/Frameworks/ATS.framework/Versions/A/Resources/libFontParser.dylib
0x00000000003e3000 	/System/Library/Frameworks/ApplicationServices.framework/Versions/A/Frameworks/ATS.framework/Versions/A/Resources/libFontRegistry.dylib
0x00000000003e3000 	/System/Library/Frameworks/ImageIO.framework/Versions/A/Resources/libJPEG.dylib
0x00000000003e3000 	/System/Library/Frameworks/ImageIO.framework/Versions/A/Resources/libTIFF.dylib
0x00000000003e3000 	/System/Library/Frameworks/ImageIO.framework/Versions/A/Resources/libPng.dylib
0x00000000003e3000 	/System/Library/Frameworks/ImageIO.framework/Versions/A/Resources/libGIF.dylib
0x00000000003e3000 	/System/Library/Frameworks/ImageIO.framework/Versions/A/Resources/libJP2.dylib
0x00000000003e3000 	/System/Library/Frameworks/ImageIO.framework/Versions/A/Resources/libRadiance.dylib
0x00000000003e3000 	/usr/lib/libcups.2.dylib
0x00000000003e3000 	/System/Library/Frameworks/Kerberos.framework/Versions/A/Kerberos
0x00000000003e3000 	/System/Library/Frameworks/GSS.framework/Versions/A/GSS
0x00000000003e3000 	/usr/lib/libresolv.9.dylib
0x00000000003e3000 	/usr/lib/libiconv.2.dylib
0x00000000003e3000 	/System/Library/PrivateFrameworks/Heimdal.framework/Versions/A/Heimdal
0x00000000003e3000 	/System/Library/PrivateFrameworks/TrustEvaluationAgent.framework/Versions/A/TrustEvaluationAgent
0x00000000003e3000 	/usr/lib/libheimdal-asn1.dylib
0x00000000003e3000 	/System/Library/Frameworks/OpenDirectory.framework/Versions/A/OpenDirectory
0x00000000003e3000 	/System/Library/PrivateFrameworks/CommonAuth.framework/Versions/A/CommonAuth
0x00000000003e3000 	/System/Library/Frameworks/SecurityFoundation.framework/Versions/A/SecurityFoundation
0x00000000003e3000 	/System/Library/PrivateFrameworks/Bom.framework/Versions/A/Bom
0x00000000003e3000 	/System/Library/Frameworks/CoreVideo.framework/Versions/A/CoreVideo
0x00000000003e3000 	/System/Library/Frameworks/QuartzCore.framework/Versions/A/Frameworks/CoreImage.framework/Versions/A/CoreImage
0x00000000003e3000 	/System/Library/Frameworks/QuartzCore.framework/Versions/A/Frameworks/ScalableUserInterface.framework/Versions/A/ScalableUserInterface
0x00000000003e3000 	/System/Library/Frameworks/OpenGL.framework/Versions/A/Libraries/libGLU.dylib
0x00000000003e3000 	/System/Library/Frameworks/OpenGL.framework/Versions/A/Libraries/libGFXShared.dylib
0x00000000003e3000 	/System/Library/Frameworks/OpenGL.framework/Versions/A/Libraries/libGL.dylib
0x00000000003e3000 	/System/Library/Frameworks/OpenGL.framework/Versions/A/Libraries/libGLImage.dylib
0x00000000003e3000 	/System/Library/Frameworks/OpenGL.framework/Versions/A/Libraries/libCVMSPluginSupport.dylib
0x00000000003e3000 	/System/Library/Frameworks/OpenGL.framework/Versions/A/Libraries/libCoreVMClient.dylib
0x00000000003e3000 	/System/Library/PrivateFrameworks/FaceCore.framework/Versions/A/FaceCore
0x00000000003e3000 	/System/Library/PrivateFrameworks/CrashReporterSupport.framework/Versions/A/CrashReporterSupport
0x00000000003e3000 	/System/Library/Frameworks/OpenCL.framework/Versions/A/OpenCL
0x00000000003e3000 	/System/Library/PrivateFrameworks/AppleFSCompression.framework/Versions/A/AppleFSCompression
0x00000000003e3000 	/System/Library/PrivateFrameworks/Ubiquity.framework/Versions/A/Ubiquity
0x00000000003e3000 	/System/Library/PrivateFrameworks/IconServices.framework/Versions/A/IconServices
0x00000000003e3000 	/System/Library/PrivateFrameworks/ChunkingLibrary.framework/Versions/A/ChunkingLibrary
0x00000000003e3000 	/System/Library/PrivateFrameworks/CoreSymbolication.framework/Versions/A/CoreSymbolication
0x00000000003e3000 	/System/Library/PrivateFrameworks/Symbolication.framework/Versions/A/Symbolication
0x00000000003e3000 	/System/Library/PrivateFrameworks/DebugSymbols.framework/Versions/A/DebugSymbols
0x000000010a400000 	/Library/Java/JavaVirtualMachines/jdk1.7.0_75.jdk/Contents/Home/jre/lib/server/libjvm.dylib
0x00000000003e3000 	/usr/lib/libstdc++.6.dylib
0x00000001093d0000 	/Library/Java/JavaVirtualMachines/jdk1.7.0_75.jdk/Contents/Home/jre/lib/libverify.dylib
0x000000010af64000 	/Library/Java/JavaVirtualMachines/jdk1.7.0_75.jdk/Contents/Home/jre/lib/libjava.dylib
0x000000010af94000 	/Library/Java/JavaVirtualMachines/jdk1.7.0_75.jdk/Contents/Home/jre/lib/libjdwp.dylib
0x00000001093de000 	/Library/Java/JavaVirtualMachines/jdk1.7.0_75.jdk/Contents/Home/jre/lib/libnpt.dylib
0x00000001093eb000 	/Library/Java/JavaVirtualMachines/jdk1.7.0_75.jdk/Contents/Home/jre/lib/libzip.dylib
0x000000011a39d000 	/System/Library/Frameworks/JavaVM.framework/Frameworks/JavaRuntimeSupport.framework/JavaRuntimeSupport
0x000000011a3b5000 	/System/Library/Frameworks/JavaVM.framework/Versions/A/Frameworks/JavaNativeFoundation.framework/Versions/A/JavaNativeFoundation
0x000000011a3ca000 	/System/Library/Frameworks/JavaVM.framework/Versions/A/JavaVM
0x00000000003e3000 	/System/Library/Frameworks/Carbon.framework/Versions/A/Carbon
0x000000011a3d7000 	/System/Library/PrivateFrameworks/JavaLaunching.framework/Versions/A/JavaLaunching
0x00000000003e3000 	/System/Library/Frameworks/Carbon.framework/Versions/A/Frameworks/CommonPanels.framework/Versions/A/CommonPanels
0x00000000003e3000 	/System/Library/Frameworks/Carbon.framework/Versions/A/Frameworks/Help.framework/Versions/A/Help
0x00000000003e3000 	/System/Library/Frameworks/Carbon.framework/Versions/A/Frameworks/ImageCapture.framework/Versions/A/ImageCapture
0x00000000003e3000 	/System/Library/Frameworks/Carbon.framework/Versions/A/Frameworks/OpenScripting.framework/Versions/A/OpenScripting
0x00000000003e3000 	/System/Library/Frameworks/Carbon.framework/Versions/A/Frameworks/Print.framework/Versions/A/Print
0x00000000003e3000 	/System/Library/Frameworks/Carbon.framework/Versions/A/Frameworks/SecurityHI.framework/Versions/A/SecurityHI
0x00000001093f7000 	/Library/Java/JavaVirtualMachines/jdk1.7.0_75.jdk/Contents/Home/jre/lib/libdt_socket.dylib
0x000000011b0f8000 	/Library/Java/JavaVirtualMachines/jdk1.7.0_75.jdk/Contents/Home/jre/lib/libnio.dylib
0x000000011b107000 	/Library/Java/JavaVirtualMachines/jdk1.7.0_75.jdk/Contents/Home/jre/lib/./libnet.dylib

VM Arguments:
jvm_args: -agentlib:jdwp=transport=dt_socket,address=127.0.0.1:52595,suspend=y,server=n -Dfile.encoding=UTF-8 
java_command: org.jetbrains.plugins.scala.testingSupport.scalaTest.ScalaTestRunner -s CrytpoSquareTest -showProgressMessages true -C org.jetbrains.plugins.scala.testingSupport.scalaTest.ScalaTestReporter
Launcher Type: SUN_STANDARD

Environment Variables:
PATH=/usr/bin:/bin:/usr/sbin:/sbin:/usr/local/bin
SHELL=/bin/bash

Signal Handlers:
SIGSEGV: [libjvm.dylib+0x52d20d], sa_mask[0]=0xfffefeff, sa_flags=0x00000043
SIGBUS: [libjvm.dylib+0x52d20d], sa_mask[0]=0xfffefeff, sa_flags=0x00000042
SIGFPE: [libjvm.dylib+0x41ee7a], sa_mask[0]=0xfffefeff, sa_flags=0x00000042
SIGPIPE: [libjvm.dylib+0x41ee7a], sa_mask[0]=0xfffefeff, sa_flags=0x00000042
SIGXFSZ: [libjvm.dylib+0x41ee7a], sa_mask[0]=0xfffefeff, sa_flags=0x00000042
SIGILL: [libjvm.dylib+0x41ee7a], sa_mask[0]=0xfffefeff, sa_flags=0x00000042
SIGUSR1: SIG_DFL, sa_mask[0]=0x00000000, sa_flags=0x00000002
SIGUSR2: [libjvm.dylib+0x41e96c], sa_mask[0]=0x00000004, sa_flags=0x00000042
SIGHUP: [libjvm.dylib+0x41cbfd], sa_mask[0]=0xfffefeff, sa_flags=0x00000042
SIGINT: [libjvm.dylib+0x41cbfd], sa_mask[0]=0xfffefeff, sa_flags=0x00000042
SIGTERM: [libjvm.dylib+0x41cbfd], sa_mask[0]=0xfffefeff, sa_flags=0x00000042
SIGQUIT: [libjvm.dylib+0x41cbfd], sa_mask[0]=0xfffefeff, sa_flags=0x00000042


---------------  S Y S T E M  ---------------

OS:Bsduname:Darwin 13.4.0 Darwin Kernel Version 13.4.0: Sun Aug 17 19:50:11 PDT 2014; root:xnu-2422.115.4~1/RELEASE_X86_64 x86_64
rlimit: STACK 8192k, CORE 0k, NPROC 709, NOFILE 10240, AS infinity
load average:2.60 3.01 3.18

CPU:total 8 (4 cores per cpu, 2 threads per core) family 6 model 70 stepping 1, cmov, cx8, fxsr, mmx, sse, sse2, sse3, ssse3, sse4.1, sse4.2, popcnt, avx, avx2, aes, erms, ht, tsc, tscinvbit

Memory: 4k page, physical 16777216k(4194304k free)

/proc/meminfo:


vm_info: Java HotSpot(TM) 64-Bit Server VM (24.75-b04) for bsd-amd64 JRE (1.7.0_75-b13), built on Dec 18 2014 21:48:12 by "java_re" with gcc 4.2.1 (Based on Apple Inc. build 5658) (LLVM build 2336.11.00)

time: Sun Oct 25 13:28:24 2015
elapsed time: 7349 seconds

